2025-08-09 20:50:41.475 [main] [traceId:] [userId:] INFO  o.a.d.s.b.c.event.WelcomeLogoApplicationListener -  [DUBBO] 

 :: Dubbo (v3.2.8) : https://github.com/apache/dubbo
 :: Discuss group : dev@dubbo.apache.org
, dubbo version: 3.2.8, current host: 192.168.86.8
2025-08-09 20:50:41.485 [main] [traceId:] [userId:] WARN  com.alibaba.nacos.client.logging.NacosLogging - Load Logback Configuration of Nacos fail, message: Could not initialize Logback Nacos logging from classpath:nacos-logback.xml
2025-08-09 20:50:41.544 [main] [traceId:] [userId:] WARN  com.alibaba.nacos.client.logging.NacosLogging - Load Logback Configuration of Nacos fail, message: Could not initialize Logback Nacos logging from classpath:nacos-logback.xml
2025-08-09 20:50:41.784 [main] [traceId:] [userId:] WARN  com.alibaba.nacos.client.logging.NacosLogging - Load Logback Configuration of Nacos fail, message: Could not initialize Logback Nacos logging from classpath:nacos-logback.xml
2025-08-09 20:50:41.786 [main] [traceId:] [userId:] INFO  com.alibaba.nacos.client.utils.ParamUtil - [settings] [req-serv] nacos-server port:8848
2025-08-09 20:50:41.786 [main] [traceId:] [userId:] INFO  com.alibaba.nacos.client.utils.ParamUtil - [settings] [http-client] connect timeout:1000
2025-08-09 20:50:41.787 [main] [traceId:] [userId:] INFO  com.alibaba.nacos.client.utils.ParamUtil - PER_TASK_CONFIG_SIZE: 3000.0
2025-08-09 20:50:41.813 [main] [traceId:] [userId:] INFO  c.a.n.p.auth.spi.client.ClientAuthPluginManager - [ClientAuthPluginManager] Load ClientAuthService com.alibaba.nacos.client.auth.impl.NacosClientAuthServiceImpl success.
2025-08-09 20:50:41.813 [main] [traceId:] [userId:] INFO  c.a.n.p.auth.spi.client.ClientAuthPluginManager - [ClientAuthPluginManager] Load ClientAuthService com.alibaba.nacos.client.auth.ram.RamClientAuthServiceImpl success.
2025-08-09 20:50:41.816 [main] [traceId:] [userId:] INFO  c.a.n.client.auth.ram.identify.CredentialWatcher - null No credential found
2025-08-09 20:50:42.243 [main] [traceId:] [userId:] WARN  com.alibaba.nacos.client.logging.NacosLogging - Load Logback Configuration of Nacos fail, message: Could not initialize Logback Nacos logging from classpath:nacos-logback.xml
2025-08-09 20:50:42.271 [main] [traceId:] [userId:] INFO  c.a.n.client.config.impl.LocalConfigInfoProcessor - LOCAL_SNAPSHOT_PATH:C:\Users\Administrator\nacos\config
2025-08-09 20:50:42.275 [main] [traceId:] [userId:] INFO  com.alibaba.nacos.common.remote.client - [RpcClientFactory] create a new rpc client of 80e57eb1-ce8e-4d42-85db-06e37a06b5a3_config-0
2025-08-09 20:50:42.295 [main] [traceId:] [userId:] INFO  com.alibaba.nacos.common.remote.client - [80e57eb1-ce8e-4d42-85db-06e37a06b5a3_config-0] Register server push request handler:com.alibaba.nacos.client.config.impl.ClientWorker$ConfigRpcTransportClient$$Lambda/0x000002408140dbe0
2025-08-09 20:50:42.295 [main] [traceId:] [userId:] INFO  com.alibaba.nacos.common.remote.client - [80e57eb1-ce8e-4d42-85db-06e37a06b5a3_config-0] Register server push request handler:com.alibaba.nacos.client.config.impl.ClientWorker$ConfigRpcTransportClient$$Lambda/0x000002408140dff0
2025-08-09 20:50:42.296 [main] [traceId:] [userId:] INFO  com.alibaba.nacos.common.remote.client - [80e57eb1-ce8e-4d42-85db-06e37a06b5a3_config-0] Registry connection listener to current client:com.alibaba.nacos.client.config.impl.ClientWorker$ConfigRpcTransportClient$1
2025-08-09 20:50:42.296 [main] [traceId:] [userId:] INFO  com.alibaba.nacos.common.remote.client - [80e57eb1-ce8e-4d42-85db-06e37a06b5a3_config-0] RpcClient init, ServerListFactory = com.alibaba.nacos.client.config.impl.ClientWorker$ConfigRpcTransportClient$2
2025-08-09 20:50:42.303 [main] [traceId:] [userId:] INFO  com.alibaba.nacos.common.remote.client - [80e57eb1-ce8e-4d42-85db-06e37a06b5a3_config-0] Try to connect to server on start up, server: {serverIp = '8.133.246.113', server main port = 8848}
2025-08-09 20:50:42.348 [main] [traceId:] [userId:] INFO  c.a.nacos.common.remote.client.grpc.GrpcClient - grpc client connection server:8.133.246.113 ip,serverPort:9848,grpcTslConfig:{"sslProvider":"OPENSSL","enableTls":false,"mutualAuthEnable":false,"trustAll":false}
2025-08-09 20:50:42.969 [main] [traceId:] [userId:] INFO  com.alibaba.nacos.common.remote.client - [80e57eb1-ce8e-4d42-85db-06e37a06b5a3_config-0] Success to connect to server [8.133.246.113:8848] on start up, connectionId = 1754743842762_139.227.195.241_26685
2025-08-09 20:50:42.969 [com.alibaba.nacos.client.remote.worker] [traceId:] [userId:] INFO  com.alibaba.nacos.common.remote.client - [80e57eb1-ce8e-4d42-85db-06e37a06b5a3_config-0] Notify connected event to listeners.
2025-08-09 20:50:42.969 [com.alibaba.nacos.client.remote.worker] [traceId:] [userId:] INFO  com.alibaba.nacos.client.config.impl.ClientWorker - [80e57eb1-ce8e-4d42-85db-06e37a06b5a3_config-0] Connected,notify listen context...
2025-08-09 20:50:42.970 [main] [traceId:] [userId:] INFO  com.alibaba.nacos.common.remote.client - [80e57eb1-ce8e-4d42-85db-06e37a06b5a3_config-0] Register server push request handler:com.alibaba.nacos.common.remote.client.RpcClient$ConnectResetRequestHandler
2025-08-09 20:50:42.970 [main] [traceId:] [userId:] INFO  com.alibaba.nacos.common.remote.client - [80e57eb1-ce8e-4d42-85db-06e37a06b5a3_config-0] Register server push request handler:com.alibaba.nacos.common.remote.client.RpcClient$$Lambda/0x0000024081570650
2025-08-09 20:50:43.003 [main] [traceId:] [userId:] INFO  com.alibaba.nacos.client.config.impl.Limiter - limitTime:5.0
2025-08-09 20:50:43.034 [main] [traceId:] [userId:] WARN  c.a.cloud.nacos.client.NacosPropertySourceBuilder - Ignore the empty nacos configuration and get it based on dataId[common-dev.yaml] & group[DEFAULT_GROUP]
2025-08-09 20:50:43.045 [main] [traceId:] [userId:] WARN  c.a.cloud.nacos.client.NacosPropertySourceBuilder - Ignore the empty nacos configuration and get it based on dataId[bgai-service] & group[DEFAULT_GROUP]
2025-08-09 20:50:43.055 [main] [traceId:] [userId:] WARN  c.a.cloud.nacos.client.NacosPropertySourceBuilder - Ignore the empty nacos configuration and get it based on dataId[bgai-service.yaml] & group[DEFAULT_GROUP]
2025-08-09 20:50:43.070 [main] [traceId:] [userId:] INFO  com.alibaba.nacos.client.config.utils.JvmUtil - isMultiInstance:false
2025-08-09 20:50:43.081 [main] [traceId:] [userId:] INFO  o.s.c.b.c.PropertySourceBootstrapConfiguration - Located property source: [BootstrapPropertySource {name='bootstrapProperties-bgai-service-dev.yaml,DEFAULT_GROUP'}, BootstrapPropertySource {name='bootstrapProperties-bgai-service.yaml,DEFAULT_GROUP'}, BootstrapPropertySource {name='bootstrapProperties-bgai-service,DEFAULT_GROUP'}, BootstrapPropertySource {name='bootstrapProperties-common-dev.yaml,DEFAULT_GROUP'}]
