2025-08-01 21:20:31.263 [main] [traceId:] [userId:] WARN  com.alibaba.nacos.client.logging.NacosLogging - Load Logback Configuration of Nacos fail, message: Could not initialize Logback Nacos logging from classpath:nacos-logback.xml
2025-08-01 21:20:31.381 [main] [traceId:] [userId:] WARN  com.alibaba.nacos.client.logging.NacosLogging - Load Logback Configuration of Nacos fail, message: Could not initialize Logback Nacos logging from classpath:nacos-logback.xml
2025-08-01 21:20:31.678 [main] [traceId:] [userId:] WARN  com.alibaba.nacos.client.logging.NacosLogging - Load Logback Configuration of Nacos fail, message: Could not initialize Logback Nacos logging from classpath:nacos-logback.xml
2025-08-01 21:20:31.680 [main] [traceId:] [userId:] INFO  com.alibaba.nacos.client.utils.ParamUtil - [settings] [req-serv] nacos-server port:8848
2025-08-01 21:20:31.681 [main] [traceId:] [userId:] INFO  com.alibaba.nacos.client.utils.ParamUtil - [settings] [http-client] connect timeout:1000
2025-08-01 21:20:31.682 [main] [traceId:] [userId:] INFO  com.alibaba.nacos.client.utils.ParamUtil - PER_TASK_CONFIG_SIZE: 3000.0
2025-08-01 21:20:31.720 [main] [traceId:] [userId:] INFO  c.a.n.p.auth.spi.client.ClientAuthPluginManager - [ClientAuthPluginManager] Load ClientAuthService com.alibaba.nacos.client.auth.impl.NacosClientAuthServiceImpl success.
2025-08-01 21:20:31.720 [main] [traceId:] [userId:] INFO  c.a.n.p.auth.spi.client.ClientAuthPluginManager - [ClientAuthPluginManager] Load ClientAuthService com.alibaba.nacos.client.auth.ram.RamClientAuthServiceImpl success.
2025-08-01 21:20:31.726 [main] [traceId:] [userId:] INFO  c.a.n.client.auth.ram.identify.CredentialWatcher - null No credential found
2025-08-01 21:20:32.917 [main] [traceId:] [userId:] WARN  com.alibaba.nacos.client.logging.NacosLogging - Load Logback Configuration of Nacos fail, message: Could not initialize Logback Nacos logging from classpath:nacos-logback.xml
2025-08-01 21:20:32.949 [main] [traceId:] [userId:] INFO  c.a.n.client.config.impl.LocalConfigInfoProcessor - LOCAL_SNAPSHOT_PATH:C:\Users\Administrator\nacos\config
2025-08-01 21:20:32.956 [main] [traceId:] [userId:] INFO  com.alibaba.nacos.common.remote.client - [RpcClientFactory] create a new rpc client of e426ec30-48ba-4e77-9fe8-c50ab8edaa39_config-0
2025-08-01 21:20:32.991 [main] [traceId:] [userId:] INFO  com.alibaba.nacos.common.remote.client - [e426ec30-48ba-4e77-9fe8-c50ab8edaa39_config-0] Register server push request handler:com.alibaba.nacos.client.config.impl.ClientWorker$ConfigRpcTransportClient$$Lambda/0x000001d515495308
2025-08-01 21:20:32.991 [main] [traceId:] [userId:] INFO  com.alibaba.nacos.common.remote.client - [e426ec30-48ba-4e77-9fe8-c50ab8edaa39_config-0] Register server push request handler:com.alibaba.nacos.client.config.impl.ClientWorker$ConfigRpcTransportClient$$Lambda/0x000001d515495718
2025-08-01 21:20:32.992 [main] [traceId:] [userId:] INFO  com.alibaba.nacos.common.remote.client - [e426ec30-48ba-4e77-9fe8-c50ab8edaa39_config-0] Registry connection listener to current client:com.alibaba.nacos.client.config.impl.ClientWorker$ConfigRpcTransportClient$1
2025-08-01 21:20:32.993 [main] [traceId:] [userId:] INFO  com.alibaba.nacos.common.remote.client - [e426ec30-48ba-4e77-9fe8-c50ab8edaa39_config-0] RpcClient init, ServerListFactory = com.alibaba.nacos.client.config.impl.ClientWorker$ConfigRpcTransportClient$2
2025-08-01 21:20:33.002 [main] [traceId:] [userId:] INFO  com.alibaba.nacos.common.remote.client - [e426ec30-48ba-4e77-9fe8-c50ab8edaa39_config-0] Try to connect to server on start up, server: {serverIp = '8.133.246.113', server main port = 8848}
2025-08-01 21:20:33.046 [main] [traceId:] [userId:] INFO  c.a.nacos.common.remote.client.grpc.GrpcClient - grpc client connection server:8.133.246.113 ip,serverPort:9848,grpcTslConfig:{"sslProvider":"OPENSSL","enableTls":false,"mutualAuthEnable":false,"trustAll":false}
2025-08-01 21:20:34.021 [main] [traceId:] [userId:] INFO  com.alibaba.nacos.common.remote.client - [e426ec30-48ba-4e77-9fe8-c50ab8edaa39_config-0] Success to connect to server [8.133.246.113:8848] on start up, connectionId = 1754054433873_139.227.195.146_4132
2025-08-01 21:20:34.022 [com.alibaba.nacos.client.remote.worker] [traceId:] [userId:] INFO  com.alibaba.nacos.common.remote.client - [e426ec30-48ba-4e77-9fe8-c50ab8edaa39_config-0] Notify connected event to listeners.
2025-08-01 21:20:34.022 [com.alibaba.nacos.client.remote.worker] [traceId:] [userId:] INFO  com.alibaba.nacos.client.config.impl.ClientWorker - [e426ec30-48ba-4e77-9fe8-c50ab8edaa39_config-0] Connected,notify listen context...
2025-08-01 21:20:34.023 [main] [traceId:] [userId:] INFO  com.alibaba.nacos.common.remote.client - [e426ec30-48ba-4e77-9fe8-c50ab8edaa39_config-0] Register server push request handler:com.alibaba.nacos.common.remote.client.RpcClient$ConnectResetRequestHandler
2025-08-01 21:20:34.023 [main] [traceId:] [userId:] INFO  com.alibaba.nacos.common.remote.client - [e426ec30-48ba-4e77-9fe8-c50ab8edaa39_config-0] Register server push request handler:com.alibaba.nacos.common.remote.client.RpcClient$$Lambda/0x000001d5155d4888
2025-08-01 21:20:34.081 [main] [traceId:] [userId:] INFO  com.alibaba.nacos.client.config.impl.Limiter - limitTime:5.0
2025-08-01 21:20:34.127 [main] [traceId:] [userId:] WARN  c.a.cloud.nacos.client.NacosPropertySourceBuilder - Ignore the empty nacos configuration and get it based on dataId[common-dev.yaml] & group[DEFAULT_GROUP]
2025-08-01 21:20:34.140 [main] [traceId:] [userId:] WARN  c.a.cloud.nacos.client.NacosPropertySourceBuilder - Ignore the empty nacos configuration and get it based on dataId[bgtech-ai] & group[DEFAULT_GROUP]
2025-08-01 21:20:34.152 [main] [traceId:] [userId:] WARN  c.a.cloud.nacos.client.NacosPropertySourceBuilder - Ignore the empty nacos configuration and get it based on dataId[bgtech-ai.yaml] & group[DEFAULT_GROUP]
2025-08-01 21:20:34.171 [main] [traceId:] [userId:] INFO  com.alibaba.nacos.client.config.utils.JvmUtil - isMultiInstance:false
2025-08-01 21:20:34.187 [main] [traceId:] [userId:] INFO  o.s.c.b.c.PropertySourceBootstrapConfiguration - Located property source: [BootstrapPropertySource {name='bootstrapProperties-bgtech-ai-dev.yaml,DEFAULT_GROUP'}, BootstrapPropertySource {name='bootstrapProperties-bgtech-ai.yaml,DEFAULT_GROUP'}, BootstrapPropertySource {name='bootstrapProperties-bgtech-ai,DEFAULT_GROUP'}, BootstrapPropertySource {name='bootstrapProperties-common-dev.yaml,DEFAULT_GROUP'}]
2025-08-01 21:44:28.370 [main] [traceId:] [userId:] WARN  com.alibaba.nacos.client.logging.NacosLogging - Load Logback Configuration of Nacos fail, message: Could not initialize Logback Nacos logging from classpath:nacos-logback.xml
2025-08-01 21:44:28.437 [main] [traceId:] [userId:] WARN  com.alibaba.nacos.client.logging.NacosLogging - Load Logback Configuration of Nacos fail, message: Could not initialize Logback Nacos logging from classpath:nacos-logback.xml
2025-08-01 21:44:28.693 [main] [traceId:] [userId:] WARN  com.alibaba.nacos.client.logging.NacosLogging - Load Logback Configuration of Nacos fail, message: Could not initialize Logback Nacos logging from classpath:nacos-logback.xml
2025-08-01 21:44:28.697 [main] [traceId:] [userId:] INFO  com.alibaba.nacos.client.utils.ParamUtil - [settings] [req-serv] nacos-server port:8848
2025-08-01 21:44:28.697 [main] [traceId:] [userId:] INFO  com.alibaba.nacos.client.utils.ParamUtil - [settings] [http-client] connect timeout:1000
2025-08-01 21:44:28.699 [main] [traceId:] [userId:] INFO  com.alibaba.nacos.client.utils.ParamUtil - PER_TASK_CONFIG_SIZE: 3000.0
2025-08-01 21:44:28.737 [main] [traceId:] [userId:] INFO  c.a.n.p.auth.spi.client.ClientAuthPluginManager - [ClientAuthPluginManager] Load ClientAuthService com.alibaba.nacos.client.auth.impl.NacosClientAuthServiceImpl success.
2025-08-01 21:44:28.737 [main] [traceId:] [userId:] INFO  c.a.n.p.auth.spi.client.ClientAuthPluginManager - [ClientAuthPluginManager] Load ClientAuthService com.alibaba.nacos.client.auth.ram.RamClientAuthServiceImpl success.
2025-08-01 21:44:28.741 [main] [traceId:] [userId:] INFO  c.a.n.client.auth.ram.identify.CredentialWatcher - null No credential found
2025-08-01 21:44:29.925 [main] [traceId:] [userId:] WARN  com.alibaba.nacos.client.logging.NacosLogging - Load Logback Configuration of Nacos fail, message: Could not initialize Logback Nacos logging from classpath:nacos-logback.xml
2025-08-01 21:44:29.956 [main] [traceId:] [userId:] INFO  c.a.n.client.config.impl.LocalConfigInfoProcessor - LOCAL_SNAPSHOT_PATH:C:\Users\Administrator\nacos\config
2025-08-01 21:44:29.961 [main] [traceId:] [userId:] INFO  com.alibaba.nacos.common.remote.client - [RpcClientFactory] create a new rpc client of c2c6168c-9fb8-4f86-acff-7b1cbc4b2627_config-0
2025-08-01 21:44:29.983 [main] [traceId:] [userId:] INFO  com.alibaba.nacos.common.remote.client - [c2c6168c-9fb8-4f86-acff-7b1cbc4b2627_config-0] Register server push request handler:com.alibaba.nacos.client.config.impl.ClientWorker$ConfigRpcTransportClient$$Lambda/0x000001ce4f487670
2025-08-01 21:44:29.984 [main] [traceId:] [userId:] INFO  com.alibaba.nacos.common.remote.client - [c2c6168c-9fb8-4f86-acff-7b1cbc4b2627_config-0] Register server push request handler:com.alibaba.nacos.client.config.impl.ClientWorker$ConfigRpcTransportClient$$Lambda/0x000001ce4f487a80
2025-08-01 21:44:29.984 [main] [traceId:] [userId:] INFO  com.alibaba.nacos.common.remote.client - [c2c6168c-9fb8-4f86-acff-7b1cbc4b2627_config-0] Registry connection listener to current client:com.alibaba.nacos.client.config.impl.ClientWorker$ConfigRpcTransportClient$1
2025-08-01 21:44:29.984 [main] [traceId:] [userId:] INFO  com.alibaba.nacos.common.remote.client - [c2c6168c-9fb8-4f86-acff-7b1cbc4b2627_config-0] RpcClient init, ServerListFactory = com.alibaba.nacos.client.config.impl.ClientWorker$ConfigRpcTransportClient$2
2025-08-01 21:44:29.991 [main] [traceId:] [userId:] INFO  com.alibaba.nacos.common.remote.client - [c2c6168c-9fb8-4f86-acff-7b1cbc4b2627_config-0] Try to connect to server on start up, server: {serverIp = '8.133.246.113', server main port = 8848}
2025-08-01 21:44:30.031 [main] [traceId:] [userId:] INFO  c.a.nacos.common.remote.client.grpc.GrpcClient - grpc client connection server:8.133.246.113 ip,serverPort:9848,grpcTslConfig:{"sslProvider":"OPENSSL","enableTls":false,"mutualAuthEnable":false,"trustAll":false}
2025-08-01 21:44:30.913 [main] [traceId:] [userId:] INFO  com.alibaba.nacos.common.remote.client - [c2c6168c-9fb8-4f86-acff-7b1cbc4b2627_config-0] Success to connect to server [8.133.246.113:8848] on start up, connectionId = 1754055870737_139.227.195.146_3325
2025-08-01 21:44:30.914 [com.alibaba.nacos.client.remote.worker] [traceId:] [userId:] INFO  com.alibaba.nacos.common.remote.client - [c2c6168c-9fb8-4f86-acff-7b1cbc4b2627_config-0] Notify connected event to listeners.
2025-08-01 21:44:30.914 [com.alibaba.nacos.client.remote.worker] [traceId:] [userId:] INFO  com.alibaba.nacos.client.config.impl.ClientWorker - [c2c6168c-9fb8-4f86-acff-7b1cbc4b2627_config-0] Connected,notify listen context...
2025-08-01 21:44:30.914 [main] [traceId:] [userId:] INFO  com.alibaba.nacos.common.remote.client - [c2c6168c-9fb8-4f86-acff-7b1cbc4b2627_config-0] Register server push request handler:com.alibaba.nacos.common.remote.client.RpcClient$ConnectResetRequestHandler
2025-08-01 21:44:30.915 [main] [traceId:] [userId:] INFO  com.alibaba.nacos.common.remote.client - [c2c6168c-9fb8-4f86-acff-7b1cbc4b2627_config-0] Register server push request handler:com.alibaba.nacos.common.remote.client.RpcClient$$Lambda/0x000001ce4f5c6b70
2025-08-01 21:44:30.977 [main] [traceId:] [userId:] INFO  com.alibaba.nacos.client.config.impl.Limiter - limitTime:5.0
2025-08-01 21:44:31.013 [main] [traceId:] [userId:] WARN  c.a.cloud.nacos.client.NacosPropertySourceBuilder - Ignore the empty nacos configuration and get it based on dataId[common-dev.yaml] & group[DEFAULT_GROUP]
2025-08-01 21:44:31.025 [main] [traceId:] [userId:] WARN  c.a.cloud.nacos.client.NacosPropertySourceBuilder - Ignore the empty nacos configuration and get it based on dataId[bgtech-ai] & group[DEFAULT_GROUP]
2025-08-01 21:44:31.037 [main] [traceId:] [userId:] WARN  c.a.cloud.nacos.client.NacosPropertySourceBuilder - Ignore the empty nacos configuration and get it based on dataId[bgtech-ai.yaml] & group[DEFAULT_GROUP]
2025-08-01 21:44:31.060 [main] [traceId:] [userId:] INFO  com.alibaba.nacos.client.config.utils.JvmUtil - isMultiInstance:false
2025-08-01 21:44:31.075 [main] [traceId:] [userId:] INFO  o.s.c.b.c.PropertySourceBootstrapConfiguration - Located property source: [BootstrapPropertySource {name='bootstrapProperties-bgtech-ai-dev.yaml,DEFAULT_GROUP'}, BootstrapPropertySource {name='bootstrapProperties-bgtech-ai.yaml,DEFAULT_GROUP'}, BootstrapPropertySource {name='bootstrapProperties-bgtech-ai,DEFAULT_GROUP'}, BootstrapPropertySource {name='bootstrapProperties-common-dev.yaml,DEFAULT_GROUP'}]
2025-08-01 21:47:18.594 [main] [traceId:] [userId:] WARN  com.alibaba.nacos.client.logging.NacosLogging - Load Logback Configuration of Nacos fail, message: Could not initialize Logback Nacos logging from classpath:nacos-logback.xml
2025-08-01 21:47:18.710 [main] [traceId:] [userId:] WARN  com.alibaba.nacos.client.logging.NacosLogging - Load Logback Configuration of Nacos fail, message: Could not initialize Logback Nacos logging from classpath:nacos-logback.xml
2025-08-01 21:47:19.030 [main] [traceId:] [userId:] WARN  com.alibaba.nacos.client.logging.NacosLogging - Load Logback Configuration of Nacos fail, message: Could not initialize Logback Nacos logging from classpath:nacos-logback.xml
2025-08-01 21:47:19.033 [main] [traceId:] [userId:] INFO  com.alibaba.nacos.client.utils.ParamUtil - [settings] [req-serv] nacos-server port:8848
2025-08-01 21:47:19.034 [main] [traceId:] [userId:] INFO  com.alibaba.nacos.client.utils.ParamUtil - [settings] [http-client] connect timeout:1000
2025-08-01 21:47:19.036 [main] [traceId:] [userId:] INFO  com.alibaba.nacos.client.utils.ParamUtil - PER_TASK_CONFIG_SIZE: 3000.0
2025-08-01 21:47:19.096 [main] [traceId:] [userId:] INFO  c.a.n.p.auth.spi.client.ClientAuthPluginManager - [ClientAuthPluginManager] Load ClientAuthService com.alibaba.nacos.client.auth.impl.NacosClientAuthServiceImpl success.
2025-08-01 21:47:19.097 [main] [traceId:] [userId:] INFO  c.a.n.p.auth.spi.client.ClientAuthPluginManager - [ClientAuthPluginManager] Load ClientAuthService com.alibaba.nacos.client.auth.ram.RamClientAuthServiceImpl success.
2025-08-01 21:47:19.102 [main] [traceId:] [userId:] INFO  c.a.n.client.auth.ram.identify.CredentialWatcher - null No credential found
2025-08-01 21:47:20.361 [main] [traceId:] [userId:] WARN  com.alibaba.nacos.client.logging.NacosLogging - Load Logback Configuration of Nacos fail, message: Could not initialize Logback Nacos logging from classpath:nacos-logback.xml
2025-08-01 21:47:20.396 [main] [traceId:] [userId:] INFO  c.a.n.client.config.impl.LocalConfigInfoProcessor - LOCAL_SNAPSHOT_PATH:C:\Users\Administrator\nacos\config
2025-08-01 21:47:20.402 [main] [traceId:] [userId:] INFO  com.alibaba.nacos.common.remote.client - [RpcClientFactory] create a new rpc client of 4505d8fb-3a22-4f1f-ad47-a7b376d9d0a5_config-0
2025-08-01 21:47:20.437 [main] [traceId:] [userId:] INFO  com.alibaba.nacos.common.remote.client - [4505d8fb-3a22-4f1f-ad47-a7b376d9d0a5_config-0] Register server push request handler:com.alibaba.nacos.client.config.impl.ClientWorker$ConfigRpcTransportClient$$Lambda/0x00000199484869f8
2025-08-01 21:47:20.438 [main] [traceId:] [userId:] INFO  com.alibaba.nacos.common.remote.client - [4505d8fb-3a22-4f1f-ad47-a7b376d9d0a5_config-0] Register server push request handler:com.alibaba.nacos.client.config.impl.ClientWorker$ConfigRpcTransportClient$$Lambda/0x0000019948486e08
2025-08-01 21:47:20.438 [main] [traceId:] [userId:] INFO  com.alibaba.nacos.common.remote.client - [4505d8fb-3a22-4f1f-ad47-a7b376d9d0a5_config-0] Registry connection listener to current client:com.alibaba.nacos.client.config.impl.ClientWorker$ConfigRpcTransportClient$1
2025-08-01 21:47:20.439 [main] [traceId:] [userId:] INFO  com.alibaba.nacos.common.remote.client - [4505d8fb-3a22-4f1f-ad47-a7b376d9d0a5_config-0] RpcClient init, ServerListFactory = com.alibaba.nacos.client.config.impl.ClientWorker$ConfigRpcTransportClient$2
2025-08-01 21:47:20.449 [main] [traceId:] [userId:] INFO  com.alibaba.nacos.common.remote.client - [4505d8fb-3a22-4f1f-ad47-a7b376d9d0a5_config-0] Try to connect to server on start up, server: {serverIp = '8.133.246.113', server main port = 8848}
2025-08-01 21:47:20.506 [main] [traceId:] [userId:] INFO  c.a.nacos.common.remote.client.grpc.GrpcClient - grpc client connection server:8.133.246.113 ip,serverPort:9848,grpcTslConfig:{"sslProvider":"OPENSSL","enableTls":false,"mutualAuthEnable":false,"trustAll":false}
2025-08-01 21:47:21.633 [main] [traceId:] [userId:] INFO  com.alibaba.nacos.common.remote.client - [4505d8fb-3a22-4f1f-ad47-a7b376d9d0a5_config-0] Success to connect to server [8.133.246.113:8848] on start up, connectionId = 1754056041397_139.227.195.146_5119
2025-08-01 21:47:21.633 [com.alibaba.nacos.client.remote.worker] [traceId:] [userId:] INFO  com.alibaba.nacos.common.remote.client - [4505d8fb-3a22-4f1f-ad47-a7b376d9d0a5_config-0] Notify connected event to listeners.
2025-08-01 21:47:21.633 [com.alibaba.nacos.client.remote.worker] [traceId:] [userId:] INFO  com.alibaba.nacos.client.config.impl.ClientWorker - [4505d8fb-3a22-4f1f-ad47-a7b376d9d0a5_config-0] Connected,notify listen context...
2025-08-01 21:47:21.633 [main] [traceId:] [userId:] INFO  com.alibaba.nacos.common.remote.client - [4505d8fb-3a22-4f1f-ad47-a7b376d9d0a5_config-0] Register server push request handler:com.alibaba.nacos.common.remote.client.RpcClient$ConnectResetRequestHandler
2025-08-01 21:47:21.634 [main] [traceId:] [userId:] INFO  com.alibaba.nacos.common.remote.client - [4505d8fb-3a22-4f1f-ad47-a7b376d9d0a5_config-0] Register server push request handler:com.alibaba.nacos.common.remote.client.RpcClient$$Lambda/0x00000199485c5a70
2025-08-01 21:47:21.686 [main] [traceId:] [userId:] INFO  com.alibaba.nacos.client.config.impl.Limiter - limitTime:5.0
2025-08-01 21:47:21.707 [main] [traceId:] [userId:] WARN  c.a.cloud.nacos.client.NacosPropertySourceBuilder - Ignore the empty nacos configuration and get it based on dataId[common-dev.yaml] & group[DEFAULT_GROUP]
2025-08-01 21:47:21.719 [main] [traceId:] [userId:] WARN  c.a.cloud.nacos.client.NacosPropertySourceBuilder - Ignore the empty nacos configuration and get it based on dataId[bgtech-ai] & group[DEFAULT_GROUP]
2025-08-01 21:47:21.735 [main] [traceId:] [userId:] WARN  c.a.cloud.nacos.client.NacosPropertySourceBuilder - Ignore the empty nacos configuration and get it based on dataId[bgtech-ai.yaml] & group[DEFAULT_GROUP]
2025-08-01 21:47:21.752 [main] [traceId:] [userId:] INFO  com.alibaba.nacos.client.config.utils.JvmUtil - isMultiInstance:false
2025-08-01 21:47:21.767 [main] [traceId:] [userId:] INFO  o.s.c.b.c.PropertySourceBootstrapConfiguration - Located property source: [BootstrapPropertySource {name='bootstrapProperties-bgtech-ai-dev.yaml,DEFAULT_GROUP'}, BootstrapPropertySource {name='bootstrapProperties-bgtech-ai.yaml,DEFAULT_GROUP'}, BootstrapPropertySource {name='bootstrapProperties-bgtech-ai,DEFAULT_GROUP'}, BootstrapPropertySource {name='bootstrapProperties-common-dev.yaml,DEFAULT_GROUP'}]
