2025-07-26 20:05:00.528 [main] [traceId:] [userId:] WARN  com.alibaba.nacos.client.logging.NacosLogging - Load Logback Configuration of Nacos fail, message: Could not initialize Logback Nacos logging from classpath:nacos-logback.xml
2025-07-26 20:05:00.643 [main] [traceId:] [userId:] WARN  com.alibaba.nacos.client.logging.NacosLogging - Load Logback Configuration of Nacos fail, message: Could not initialize Logback Nacos logging from classpath:nacos-logback.xml
2025-07-26 20:05:00.937 [main] [traceId:] [userId:] WARN  com.alibaba.nacos.client.logging.NacosLogging - Load Logback Configuration of Nacos fail, message: Could not initialize Logback Nacos logging from classpath:nacos-logback.xml
2025-07-26 20:05:00.939 [main] [traceId:] [userId:] INFO  com.alibaba.nacos.client.utils.ParamUtil - [settings] [req-serv] nacos-server port:8848
2025-07-26 20:05:00.940 [main] [traceId:] [userId:] INFO  com.alibaba.nacos.client.utils.ParamUtil - [settings] [http-client] connect timeout:1000
2025-07-26 20:05:00.941 [main] [traceId:] [userId:] INFO  com.alibaba.nacos.client.utils.ParamUtil - PER_TASK_CONFIG_SIZE: 3000.0
2025-07-26 20:05:00.981 [main] [traceId:] [userId:] INFO  c.a.n.p.auth.spi.client.ClientAuthPluginManager - [ClientAuthPluginManager] Load ClientAuthService com.alibaba.nacos.client.auth.impl.NacosClientAuthServiceImpl success.
2025-07-26 20:05:00.981 [main] [traceId:] [userId:] INFO  c.a.n.p.auth.spi.client.ClientAuthPluginManager - [ClientAuthPluginManager] Load ClientAuthService com.alibaba.nacos.client.auth.ram.RamClientAuthServiceImpl success.
2025-07-26 20:05:00.985 [main] [traceId:] [userId:] INFO  c.a.n.client.auth.ram.identify.CredentialWatcher - null No credential found
2025-07-26 20:05:02.207 [main] [traceId:] [userId:] WARN  com.alibaba.nacos.client.logging.NacosLogging - Load Logback Configuration of Nacos fail, message: Could not initialize Logback Nacos logging from classpath:nacos-logback.xml
2025-07-26 20:05:02.251 [main] [traceId:] [userId:] INFO  c.a.n.client.config.impl.LocalConfigInfoProcessor - LOCAL_SNAPSHOT_PATH:C:\Users\Administrator\nacos\config
2025-07-26 20:05:02.260 [main] [traceId:] [userId:] INFO  com.alibaba.nacos.common.remote.client - [RpcClientFactory] create a new rpc client of 23ff467e-6635-4c83-ac9b-39773f0508b1_config-0
2025-07-26 20:05:02.290 [main] [traceId:] [userId:] INFO  com.alibaba.nacos.common.remote.client - [23ff467e-6635-4c83-ac9b-39773f0508b1_config-0] Register server push request handler:com.alibaba.nacos.client.config.impl.ClientWorker$ConfigRpcTransportClient$$Lambda/0x000001ae5a497290
2025-07-26 20:05:02.291 [main] [traceId:] [userId:] INFO  com.alibaba.nacos.common.remote.client - [23ff467e-6635-4c83-ac9b-39773f0508b1_config-0] Register server push request handler:com.alibaba.nacos.client.config.impl.ClientWorker$ConfigRpcTransportClient$$Lambda/0x000001ae5a4976a0
2025-07-26 20:05:02.292 [main] [traceId:] [userId:] INFO  com.alibaba.nacos.common.remote.client - [23ff467e-6635-4c83-ac9b-39773f0508b1_config-0] Registry connection listener to current client:com.alibaba.nacos.client.config.impl.ClientWorker$ConfigRpcTransportClient$1
2025-07-26 20:05:02.293 [main] [traceId:] [userId:] INFO  com.alibaba.nacos.common.remote.client - [23ff467e-6635-4c83-ac9b-39773f0508b1_config-0] RpcClient init, ServerListFactory = com.alibaba.nacos.client.config.impl.ClientWorker$ConfigRpcTransportClient$2
2025-07-26 20:05:02.317 [main] [traceId:] [userId:] INFO  com.alibaba.nacos.common.remote.client - [23ff467e-6635-4c83-ac9b-39773f0508b1_config-0] Try to connect to server on start up, server: {serverIp = '8.133.246.113', server main port = 8848}
2025-07-26 20:05:02.377 [main] [traceId:] [userId:] INFO  c.a.nacos.common.remote.client.grpc.GrpcClient - grpc client connection server:8.133.246.113 ip,serverPort:9848,grpcTslConfig:{"sslProvider":"OPENSSL","enableTls":false,"mutualAuthEnable":false,"trustAll":false}
2025-07-26 20:05:03.474 [main] [traceId:] [userId:] INFO  com.alibaba.nacos.common.remote.client - [23ff467e-6635-4c83-ac9b-39773f0508b1_config-0] Success to connect to server [8.133.246.113:8848] on start up, connectionId = 1753531503410_139.226.176.13_22282
2025-07-26 20:05:03.475 [com.alibaba.nacos.client.remote.worker] [traceId:] [userId:] INFO  com.alibaba.nacos.common.remote.client - [23ff467e-6635-4c83-ac9b-39773f0508b1_config-0] Notify connected event to listeners.
2025-07-26 20:05:03.476 [main] [traceId:] [userId:] INFO  com.alibaba.nacos.common.remote.client - [23ff467e-6635-4c83-ac9b-39773f0508b1_config-0] Register server push request handler:com.alibaba.nacos.common.remote.client.RpcClient$ConnectResetRequestHandler
2025-07-26 20:05:03.476 [com.alibaba.nacos.client.remote.worker] [traceId:] [userId:] INFO  com.alibaba.nacos.client.config.impl.ClientWorker - [23ff467e-6635-4c83-ac9b-39773f0508b1_config-0] Connected,notify listen context...
2025-07-26 20:05:03.476 [main] [traceId:] [userId:] INFO  com.alibaba.nacos.common.remote.client - [23ff467e-6635-4c83-ac9b-39773f0508b1_config-0] Register server push request handler:com.alibaba.nacos.common.remote.client.RpcClient$$Lambda/0x000001ae5a5d64f8
2025-07-26 20:05:03.545 [main] [traceId:] [userId:] INFO  com.alibaba.nacos.client.config.impl.Limiter - limitTime:5.0
2025-07-26 20:05:03.575 [main] [traceId:] [userId:] WARN  c.a.cloud.nacos.client.NacosPropertySourceBuilder - Ignore the empty nacos configuration and get it based on dataId[common-dev.yaml] & group[DEFAULT_GROUP]
2025-07-26 20:05:03.589 [main] [traceId:] [userId:] WARN  c.a.cloud.nacos.client.NacosPropertySourceBuilder - Ignore the empty nacos configuration and get it based on dataId[bgtech-ai] & group[DEFAULT_GROUP]
2025-07-26 20:05:03.603 [main] [traceId:] [userId:] WARN  c.a.cloud.nacos.client.NacosPropertySourceBuilder - Ignore the empty nacos configuration and get it based on dataId[bgtech-ai.yaml] & group[DEFAULT_GROUP]
2025-07-26 20:05:03.624 [main] [traceId:] [userId:] INFO  com.alibaba.nacos.client.config.utils.JvmUtil - isMultiInstance:false
2025-07-26 20:05:03.641 [main] [traceId:] [userId:] INFO  o.s.c.b.c.PropertySourceBootstrapConfiguration - Located property source: [BootstrapPropertySource {name='bootstrapProperties-bgtech-ai-dev.yaml,DEFAULT_GROUP'}, BootstrapPropertySource {name='bootstrapProperties-bgtech-ai.yaml,DEFAULT_GROUP'}, BootstrapPropertySource {name='bootstrapProperties-bgtech-ai,DEFAULT_GROUP'}, BootstrapPropertySource {name='bootstrapProperties-common-dev.yaml,DEFAULT_GROUP'}]
2025-07-26 21:32:10.821 [main] [traceId:] [userId:] WARN  com.alibaba.nacos.client.logging.NacosLogging - Load Logback Configuration of Nacos fail, message: Could not initialize Logback Nacos logging from classpath:nacos-logback.xml
2025-07-26 21:32:11.016 [main] [traceId:] [userId:] WARN  com.alibaba.nacos.client.logging.NacosLogging - Load Logback Configuration of Nacos fail, message: Could not initialize Logback Nacos logging from classpath:nacos-logback.xml
2025-07-26 21:32:11.491 [main] [traceId:] [userId:] WARN  com.alibaba.nacos.client.logging.NacosLogging - Load Logback Configuration of Nacos fail, message: Could not initialize Logback Nacos logging from classpath:nacos-logback.xml
2025-07-26 21:32:11.494 [main] [traceId:] [userId:] INFO  com.alibaba.nacos.client.utils.ParamUtil - [settings] [req-serv] nacos-server port:8848
2025-07-26 21:32:11.494 [main] [traceId:] [userId:] INFO  com.alibaba.nacos.client.utils.ParamUtil - [settings] [http-client] connect timeout:1000
2025-07-26 21:32:11.497 [main] [traceId:] [userId:] INFO  com.alibaba.nacos.client.utils.ParamUtil - PER_TASK_CONFIG_SIZE: 3000.0
2025-07-26 21:32:11.548 [main] [traceId:] [userId:] INFO  c.a.n.p.auth.spi.client.ClientAuthPluginManager - [ClientAuthPluginManager] Load ClientAuthService com.alibaba.nacos.client.auth.impl.NacosClientAuthServiceImpl success.
2025-07-26 21:32:11.548 [main] [traceId:] [userId:] INFO  c.a.n.p.auth.spi.client.ClientAuthPluginManager - [ClientAuthPluginManager] Load ClientAuthService com.alibaba.nacos.client.auth.ram.RamClientAuthServiceImpl success.
2025-07-26 21:32:11.555 [main] [traceId:] [userId:] INFO  c.a.n.client.auth.ram.identify.CredentialWatcher - null No credential found
2025-07-26 21:32:13.353 [main] [traceId:] [userId:] WARN  com.alibaba.nacos.client.logging.NacosLogging - Load Logback Configuration of Nacos fail, message: Could not initialize Logback Nacos logging from classpath:nacos-logback.xml
2025-07-26 21:32:13.393 [main] [traceId:] [userId:] INFO  c.a.n.client.config.impl.LocalConfigInfoProcessor - LOCAL_SNAPSHOT_PATH:C:\Users\Administrator\nacos\config
2025-07-26 21:32:13.401 [main] [traceId:] [userId:] INFO  com.alibaba.nacos.common.remote.client - [RpcClientFactory] create a new rpc client of 9e6e7d7f-e11e-4890-ba14-4f3ef4db9256_config-0
2025-07-26 21:32:13.440 [main] [traceId:] [userId:] INFO  com.alibaba.nacos.common.remote.client - [9e6e7d7f-e11e-4890-ba14-4f3ef4db9256_config-0] Register server push request handler:com.alibaba.nacos.client.config.impl.ClientWorker$ConfigRpcTransportClient$$Lambda/0x000002d388487c28
2025-07-26 21:32:13.441 [main] [traceId:] [userId:] INFO  com.alibaba.nacos.common.remote.client - [9e6e7d7f-e11e-4890-ba14-4f3ef4db9256_config-0] Register server push request handler:com.alibaba.nacos.client.config.impl.ClientWorker$ConfigRpcTransportClient$$Lambda/0x000002d3884881f8
2025-07-26 21:32:13.442 [main] [traceId:] [userId:] INFO  com.alibaba.nacos.common.remote.client - [9e6e7d7f-e11e-4890-ba14-4f3ef4db9256_config-0] Registry connection listener to current client:com.alibaba.nacos.client.config.impl.ClientWorker$ConfigRpcTransportClient$1
2025-07-26 21:32:13.444 [main] [traceId:] [userId:] INFO  com.alibaba.nacos.common.remote.client - [9e6e7d7f-e11e-4890-ba14-4f3ef4db9256_config-0] RpcClient init, ServerListFactory = com.alibaba.nacos.client.config.impl.ClientWorker$ConfigRpcTransportClient$2
2025-07-26 21:32:13.463 [main] [traceId:] [userId:] INFO  com.alibaba.nacos.common.remote.client - [9e6e7d7f-e11e-4890-ba14-4f3ef4db9256_config-0] Try to connect to server on start up, server: {serverIp = '8.133.246.113', server main port = 8848}
2025-07-26 21:32:13.581 [main] [traceId:] [userId:] INFO  c.a.nacos.common.remote.client.grpc.GrpcClient - grpc client connection server:8.133.246.113 ip,serverPort:9848,grpcTslConfig:{"sslProvider":"OPENSSL","enableTls":false,"mutualAuthEnable":false,"trustAll":false}
2025-07-26 21:32:15.352 [main] [traceId:] [userId:] INFO  com.alibaba.nacos.common.remote.client - [9e6e7d7f-e11e-4890-ba14-4f3ef4db9256_config-0] Success to connect to server [8.133.246.113:8848] on start up, connectionId = 1753536735116_139.226.176.13_22516
2025-07-26 21:32:15.364 [com.alibaba.nacos.client.remote.worker] [traceId:] [userId:] INFO  com.alibaba.nacos.common.remote.client - [9e6e7d7f-e11e-4890-ba14-4f3ef4db9256_config-0] Notify connected event to listeners.
2025-07-26 21:32:15.364 [com.alibaba.nacos.client.remote.worker] [traceId:] [userId:] INFO  com.alibaba.nacos.client.config.impl.ClientWorker - [9e6e7d7f-e11e-4890-ba14-4f3ef4db9256_config-0] Connected,notify listen context...
2025-07-26 21:32:15.364 [main] [traceId:] [userId:] INFO  com.alibaba.nacos.common.remote.client - [9e6e7d7f-e11e-4890-ba14-4f3ef4db9256_config-0] Register server push request handler:com.alibaba.nacos.common.remote.client.RpcClient$ConnectResetRequestHandler
2025-07-26 21:32:15.365 [main] [traceId:] [userId:] INFO  com.alibaba.nacos.common.remote.client - [9e6e7d7f-e11e-4890-ba14-4f3ef4db9256_config-0] Register server push request handler:com.alibaba.nacos.common.remote.client.RpcClient$$Lambda/0x000002d3885c62d0
2025-07-26 21:32:15.422 [main] [traceId:] [userId:] INFO  com.alibaba.nacos.client.config.impl.Limiter - limitTime:5.0
2025-07-26 21:32:15.450 [main] [traceId:] [userId:] WARN  c.a.cloud.nacos.client.NacosPropertySourceBuilder - Ignore the empty nacos configuration and get it based on dataId[common-dev.yaml] & group[DEFAULT_GROUP]
2025-07-26 21:32:15.466 [main] [traceId:] [userId:] WARN  c.a.cloud.nacos.client.NacosPropertySourceBuilder - Ignore the empty nacos configuration and get it based on dataId[bgtech-ai] & group[DEFAULT_GROUP]
2025-07-26 21:32:15.476 [main] [traceId:] [userId:] WARN  c.a.cloud.nacos.client.NacosPropertySourceBuilder - Ignore the empty nacos configuration and get it based on dataId[bgtech-ai.yaml] & group[DEFAULT_GROUP]
2025-07-26 21:32:15.496 [main] [traceId:] [userId:] INFO  com.alibaba.nacos.client.config.utils.JvmUtil - isMultiInstance:false
2025-07-26 21:32:15.510 [main] [traceId:] [userId:] INFO  o.s.c.b.c.PropertySourceBootstrapConfiguration - Located property source: [BootstrapPropertySource {name='bootstrapProperties-bgtech-ai-dev.yaml,DEFAULT_GROUP'}, BootstrapPropertySource {name='bootstrapProperties-bgtech-ai.yaml,DEFAULT_GROUP'}, BootstrapPropertySource {name='bootstrapProperties-bgtech-ai,DEFAULT_GROUP'}, BootstrapPropertySource {name='bootstrapProperties-common-dev.yaml,DEFAULT_GROUP'}]
2025-07-26 22:01:07.997 [main] [traceId:] [userId:] WARN  com.alibaba.nacos.client.logging.NacosLogging - Load Logback Configuration of Nacos fail, message: Could not initialize Logback Nacos logging from classpath:nacos-logback.xml
2025-07-26 22:01:08.076 [main] [traceId:] [userId:] WARN  com.alibaba.nacos.client.logging.NacosLogging - Load Logback Configuration of Nacos fail, message: Could not initialize Logback Nacos logging from classpath:nacos-logback.xml
2025-07-26 22:01:08.342 [main] [traceId:] [userId:] WARN  com.alibaba.nacos.client.logging.NacosLogging - Load Logback Configuration of Nacos fail, message: Could not initialize Logback Nacos logging from classpath:nacos-logback.xml
2025-07-26 22:01:08.344 [main] [traceId:] [userId:] INFO  com.alibaba.nacos.client.utils.ParamUtil - [settings] [req-serv] nacos-server port:8848
2025-07-26 22:01:08.344 [main] [traceId:] [userId:] INFO  com.alibaba.nacos.client.utils.ParamUtil - [settings] [http-client] connect timeout:1000
2025-07-26 22:01:08.345 [main] [traceId:] [userId:] INFO  com.alibaba.nacos.client.utils.ParamUtil - PER_TASK_CONFIG_SIZE: 3000.0
2025-07-26 22:01:08.376 [main] [traceId:] [userId:] INFO  c.a.n.p.auth.spi.client.ClientAuthPluginManager - [ClientAuthPluginManager] Load ClientAuthService com.alibaba.nacos.client.auth.impl.NacosClientAuthServiceImpl success.
2025-07-26 22:01:08.376 [main] [traceId:] [userId:] INFO  c.a.n.p.auth.spi.client.ClientAuthPluginManager - [ClientAuthPluginManager] Load ClientAuthService com.alibaba.nacos.client.auth.ram.RamClientAuthServiceImpl success.
2025-07-26 22:01:08.379 [main] [traceId:] [userId:] INFO  c.a.n.client.auth.ram.identify.CredentialWatcher - null No credential found
2025-07-26 22:01:09.529 [main] [traceId:] [userId:] WARN  com.alibaba.nacos.client.logging.NacosLogging - Load Logback Configuration of Nacos fail, message: Could not initialize Logback Nacos logging from classpath:nacos-logback.xml
2025-07-26 22:01:09.558 [main] [traceId:] [userId:] INFO  c.a.n.client.config.impl.LocalConfigInfoProcessor - LOCAL_SNAPSHOT_PATH:C:\Users\Administrator\nacos\config
2025-07-26 22:01:09.563 [main] [traceId:] [userId:] INFO  com.alibaba.nacos.common.remote.client - [RpcClientFactory] create a new rpc client of 02c57cf0-6497-4dcd-932b-29a5d113098b_config-0
2025-07-26 22:01:09.584 [main] [traceId:] [userId:] INFO  com.alibaba.nacos.common.remote.client - [02c57cf0-6497-4dcd-932b-29a5d113098b_config-0] Register server push request handler:com.alibaba.nacos.client.config.impl.ClientWorker$ConfigRpcTransportClient$$Lambda/0x0000019f014769f8
2025-07-26 22:01:09.584 [main] [traceId:] [userId:] INFO  com.alibaba.nacos.common.remote.client - [02c57cf0-6497-4dcd-932b-29a5d113098b_config-0] Register server push request handler:com.alibaba.nacos.client.config.impl.ClientWorker$ConfigRpcTransportClient$$Lambda/0x0000019f01476e08
2025-07-26 22:01:09.584 [main] [traceId:] [userId:] INFO  com.alibaba.nacos.common.remote.client - [02c57cf0-6497-4dcd-932b-29a5d113098b_config-0] Registry connection listener to current client:com.alibaba.nacos.client.config.impl.ClientWorker$ConfigRpcTransportClient$1
2025-07-26 22:01:09.585 [main] [traceId:] [userId:] INFO  com.alibaba.nacos.common.remote.client - [02c57cf0-6497-4dcd-932b-29a5d113098b_config-0] RpcClient init, ServerListFactory = com.alibaba.nacos.client.config.impl.ClientWorker$ConfigRpcTransportClient$2
2025-07-26 22:01:09.592 [main] [traceId:] [userId:] INFO  com.alibaba.nacos.common.remote.client - [02c57cf0-6497-4dcd-932b-29a5d113098b_config-0] Try to connect to server on start up, server: {serverIp = '8.133.246.113', server main port = 8848}
2025-07-26 22:01:09.640 [main] [traceId:] [userId:] INFO  c.a.nacos.common.remote.client.grpc.GrpcClient - grpc client connection server:8.133.246.113 ip,serverPort:9848,grpcTslConfig:{"sslProvider":"OPENSSL","enableTls":false,"mutualAuthEnable":false,"trustAll":false}
2025-07-26 22:01:10.710 [main] [traceId:] [userId:] INFO  com.alibaba.nacos.common.remote.client - [02c57cf0-6497-4dcd-932b-29a5d113098b_config-0] Success to connect to server [8.133.246.113:8848] on start up, connectionId = 1753538470528_139.226.176.13_22384
2025-07-26 22:01:10.711 [com.alibaba.nacos.client.remote.worker] [traceId:] [userId:] INFO  com.alibaba.nacos.common.remote.client - [02c57cf0-6497-4dcd-932b-29a5d113098b_config-0] Notify connected event to listeners.
2025-07-26 22:01:10.712 [com.alibaba.nacos.client.remote.worker] [traceId:] [userId:] INFO  com.alibaba.nacos.client.config.impl.ClientWorker - [02c57cf0-6497-4dcd-932b-29a5d113098b_config-0] Connected,notify listen context...
2025-07-26 22:01:10.712 [main] [traceId:] [userId:] INFO  com.alibaba.nacos.common.remote.client - [02c57cf0-6497-4dcd-932b-29a5d113098b_config-0] Register server push request handler:com.alibaba.nacos.common.remote.client.RpcClient$ConnectResetRequestHandler
2025-07-26 22:01:10.712 [main] [traceId:] [userId:] INFO  com.alibaba.nacos.common.remote.client - [02c57cf0-6497-4dcd-932b-29a5d113098b_config-0] Register server push request handler:com.alibaba.nacos.common.remote.client.RpcClient$$Lambda/0x0000019f015d62d0
2025-07-26 22:01:10.768 [main] [traceId:] [userId:] INFO  com.alibaba.nacos.client.config.impl.Limiter - limitTime:5.0
2025-07-26 22:01:10.795 [main] [traceId:] [userId:] WARN  c.a.cloud.nacos.client.NacosPropertySourceBuilder - Ignore the empty nacos configuration and get it based on dataId[common-dev.yaml] & group[DEFAULT_GROUP]
2025-07-26 22:01:10.808 [main] [traceId:] [userId:] WARN  c.a.cloud.nacos.client.NacosPropertySourceBuilder - Ignore the empty nacos configuration and get it based on dataId[bgtech-ai] & group[DEFAULT_GROUP]
2025-07-26 22:01:10.820 [main] [traceId:] [userId:] WARN  c.a.cloud.nacos.client.NacosPropertySourceBuilder - Ignore the empty nacos configuration and get it based on dataId[bgtech-ai.yaml] & group[DEFAULT_GROUP]
2025-07-26 22:01:10.840 [main] [traceId:] [userId:] INFO  com.alibaba.nacos.client.config.utils.JvmUtil - isMultiInstance:false
2025-07-26 22:01:10.854 [main] [traceId:] [userId:] INFO  o.s.c.b.c.PropertySourceBootstrapConfiguration - Located property source: [BootstrapPropertySource {name='bootstrapProperties-bgtech-ai-dev.yaml,DEFAULT_GROUP'}, BootstrapPropertySource {name='bootstrapProperties-bgtech-ai.yaml,DEFAULT_GROUP'}, BootstrapPropertySource {name='bootstrapProperties-bgtech-ai,DEFAULT_GROUP'}, BootstrapPropertySource {name='bootstrapProperties-common-dev.yaml,DEFAULT_GROUP'}]
2025-07-26 22:16:17.790 [main] [traceId:] [userId:] WARN  com.alibaba.nacos.client.logging.NacosLogging - Load Logback Configuration of Nacos fail, message: Could not initialize Logback Nacos logging from classpath:nacos-logback.xml
2025-07-26 22:16:18.054 [main] [traceId:] [userId:] WARN  com.alibaba.nacos.client.logging.NacosLogging - Load Logback Configuration of Nacos fail, message: Could not initialize Logback Nacos logging from classpath:nacos-logback.xml
2025-07-26 22:16:18.402 [main] [traceId:] [userId:] WARN  com.alibaba.nacos.client.logging.NacosLogging - Load Logback Configuration of Nacos fail, message: Could not initialize Logback Nacos logging from classpath:nacos-logback.xml
2025-07-26 22:16:18.405 [main] [traceId:] [userId:] INFO  com.alibaba.nacos.client.utils.ParamUtil - [settings] [req-serv] nacos-server port:8848
2025-07-26 22:16:18.406 [main] [traceId:] [userId:] INFO  com.alibaba.nacos.client.utils.ParamUtil - [settings] [http-client] connect timeout:1000
2025-07-26 22:16:18.407 [main] [traceId:] [userId:] INFO  com.alibaba.nacos.client.utils.ParamUtil - PER_TASK_CONFIG_SIZE: 3000.0
2025-07-26 22:16:18.449 [main] [traceId:] [userId:] INFO  c.a.n.p.auth.spi.client.ClientAuthPluginManager - [ClientAuthPluginManager] Load ClientAuthService com.alibaba.nacos.client.auth.impl.NacosClientAuthServiceImpl success.
2025-07-26 22:16:18.449 [main] [traceId:] [userId:] INFO  c.a.n.p.auth.spi.client.ClientAuthPluginManager - [ClientAuthPluginManager] Load ClientAuthService com.alibaba.nacos.client.auth.ram.RamClientAuthServiceImpl success.
2025-07-26 22:16:18.454 [main] [traceId:] [userId:] INFO  c.a.n.client.auth.ram.identify.CredentialWatcher - null No credential found
2025-07-26 22:16:19.754 [main] [traceId:] [userId:] WARN  com.alibaba.nacos.client.logging.NacosLogging - Load Logback Configuration of Nacos fail, message: Could not initialize Logback Nacos logging from classpath:nacos-logback.xml
2025-07-26 22:16:19.787 [main] [traceId:] [userId:] INFO  c.a.n.client.config.impl.LocalConfigInfoProcessor - LOCAL_SNAPSHOT_PATH:C:\Users\Administrator\nacos\config
2025-07-26 22:16:19.800 [main] [traceId:] [userId:] INFO  com.alibaba.nacos.common.remote.client - [RpcClientFactory] create a new rpc client of 97b0f401-19f5-4f7f-aa7f-9d05d1309020_config-0
2025-07-26 22:16:19.831 [main] [traceId:] [userId:] INFO  com.alibaba.nacos.common.remote.client - [97b0f401-19f5-4f7f-aa7f-9d05d1309020_config-0] Register server push request handler:com.alibaba.nacos.client.config.impl.ClientWorker$ConfigRpcTransportClient$$Lambda/0x0000023b1f495808
2025-07-26 22:16:19.831 [main] [traceId:] [userId:] INFO  com.alibaba.nacos.common.remote.client - [97b0f401-19f5-4f7f-aa7f-9d05d1309020_config-0] Register server push request handler:com.alibaba.nacos.client.config.impl.ClientWorker$ConfigRpcTransportClient$$Lambda/0x0000023b1f495c18
2025-07-26 22:16:19.832 [main] [traceId:] [userId:] INFO  com.alibaba.nacos.common.remote.client - [97b0f401-19f5-4f7f-aa7f-9d05d1309020_config-0] Registry connection listener to current client:com.alibaba.nacos.client.config.impl.ClientWorker$ConfigRpcTransportClient$1
2025-07-26 22:16:19.833 [main] [traceId:] [userId:] INFO  com.alibaba.nacos.common.remote.client - [97b0f401-19f5-4f7f-aa7f-9d05d1309020_config-0] RpcClient init, ServerListFactory = com.alibaba.nacos.client.config.impl.ClientWorker$ConfigRpcTransportClient$2
2025-07-26 22:16:19.842 [main] [traceId:] [userId:] INFO  com.alibaba.nacos.common.remote.client - [97b0f401-19f5-4f7f-aa7f-9d05d1309020_config-0] Try to connect to server on start up, server: {serverIp = '8.133.246.113', server main port = 8848}
2025-07-26 22:16:19.900 [main] [traceId:] [userId:] INFO  c.a.nacos.common.remote.client.grpc.GrpcClient - grpc client connection server:8.133.246.113 ip,serverPort:9848,grpcTslConfig:{"sslProvider":"OPENSSL","enableTls":false,"mutualAuthEnable":false,"trustAll":false}
2025-07-26 22:16:21.206 [main] [traceId:] [userId:] INFO  com.alibaba.nacos.common.remote.client - [97b0f401-19f5-4f7f-aa7f-9d05d1309020_config-0] Success to connect to server [8.133.246.113:8848] on start up, connectionId = 1753539380943_139.226.176.13_21645
2025-07-26 22:16:21.208 [com.alibaba.nacos.client.remote.worker] [traceId:] [userId:] INFO  com.alibaba.nacos.common.remote.client - [97b0f401-19f5-4f7f-aa7f-9d05d1309020_config-0] Notify connected event to listeners.
2025-07-26 22:16:21.208 [com.alibaba.nacos.client.remote.worker] [traceId:] [userId:] INFO  com.alibaba.nacos.client.config.impl.ClientWorker - [97b0f401-19f5-4f7f-aa7f-9d05d1309020_config-0] Connected,notify listen context...
2025-07-26 22:16:21.208 [main] [traceId:] [userId:] INFO  com.alibaba.nacos.common.remote.client - [97b0f401-19f5-4f7f-aa7f-9d05d1309020_config-0] Register server push request handler:com.alibaba.nacos.common.remote.client.RpcClient$ConnectResetRequestHandler
2025-07-26 22:16:21.209 [main] [traceId:] [userId:] INFO  com.alibaba.nacos.common.remote.client - [97b0f401-19f5-4f7f-aa7f-9d05d1309020_config-0] Register server push request handler:com.alibaba.nacos.common.remote.client.RpcClient$$Lambda/0x0000023b1f5d45e0
2025-07-26 22:16:21.283 [main] [traceId:] [userId:] INFO  com.alibaba.nacos.client.config.impl.Limiter - limitTime:5.0
2025-07-26 22:16:21.310 [main] [traceId:] [userId:] WARN  c.a.cloud.nacos.client.NacosPropertySourceBuilder - Ignore the empty nacos configuration and get it based on dataId[common-dev.yaml] & group[DEFAULT_GROUP]
2025-07-26 22:16:21.329 [main] [traceId:] [userId:] WARN  c.a.cloud.nacos.client.NacosPropertySourceBuilder - Ignore the empty nacos configuration and get it based on dataId[bgtech-ai] & group[DEFAULT_GROUP]
2025-07-26 22:16:21.346 [main] [traceId:] [userId:] WARN  c.a.cloud.nacos.client.NacosPropertySourceBuilder - Ignore the empty nacos configuration and get it based on dataId[bgtech-ai.yaml] & group[DEFAULT_GROUP]
2025-07-26 22:16:21.377 [main] [traceId:] [userId:] INFO  com.alibaba.nacos.client.config.utils.JvmUtil - isMultiInstance:false
2025-07-26 22:16:21.396 [main] [traceId:] [userId:] INFO  o.s.c.b.c.PropertySourceBootstrapConfiguration - Located property source: [BootstrapPropertySource {name='bootstrapProperties-bgtech-ai-dev.yaml,DEFAULT_GROUP'}, BootstrapPropertySource {name='bootstrapProperties-bgtech-ai.yaml,DEFAULT_GROUP'}, BootstrapPropertySource {name='bootstrapProperties-bgtech-ai,DEFAULT_GROUP'}, BootstrapPropertySource {name='bootstrapProperties-common-dev.yaml,DEFAULT_GROUP'}]
