2025-08-09 20:51:24.232 [http-nio-8080-exec-2] [traceId:] [clientIp:] INFO  com.jiangyang.gateway.filter.GlobalLogFilter - === 网关请求开始 ===
2025-08-09 20:51:24.232 [http-nio-8080-exec-2] [traceId:] [clientIp:] INFO  com.jiangyang.gateway.filter.GlobalLogFilter - 请求ID: GW-1754743884230-947
2025-08-09 20:51:24.233 [http-nio-8080-exec-2] [traceId:] [clientIp:] INFO  com.jiangyang.gateway.filter.GlobalLogFilter - 请求时间: 2025-08-09 20:51:24.233
2025-08-09 20:51:24.233 [http-nio-8080-exec-2] [traceId:] [clientIp:] INFO  com.jiangyang.gateway.filter.GlobalLogFilter - 请求方法: POST
2025-08-09 20:51:24.233 [http-nio-8080-exec-2] [traceId:] [clientIp:] INFO  com.jiangyang.gateway.filter.GlobalLogFilter - 请求路径: /api/chatGatWay-internal
2025-08-09 20:51:24.233 [http-nio-8080-exec-2] [traceId:] [clientIp:] INFO  com.jiangyang.gateway.filter.GlobalLogFilter - 请求URI: http://localhost:8080/api/chatGatWay-internal?appId=test-app-123&timestamp=1754396051747&nonce=ecf0c03a21f74c97bc914f5d3b5b91b8&sign=197aa6f1b59de1fd4d85528c64ba304ade291207853a9052c0671130837a5752
2025-08-09 20:51:24.233 [http-nio-8080-exec-2] [traceId:] [clientIp:] INFO  com.jiangyang.gateway.filter.GlobalLogFilter - 请求头: [x-api-key:"3104b7ec547143eb960d6aa5a110da80", x-user-id:"689258T", authorization:"Bearer eyJhbGciOiJIUzI1NiJ9.eyJyb2xlIjoiVVNFUiIsImxvY2tlZCI6ZmFsc2UsInVzZXJJZCI6IjY4OTI1OFQiLCJlbWFpbCI6ImpvaG4uZG9lQGV4YW1wbGUuY29tIiwiZW5hYmxlZCI6dHJ1ZSwidXNlcm5hbWUiOiJqb2huLmRvZSIsImlhdCI6MTc1NDc0MjMzNywiZXhwIjoxNzU0NzQ1OTM3LCJpc3MiOiJzaWduYXR1cmUtc2VydmljZSIsImF1ZCI6ImFwaS11c2VycyJ9.46pIQjvvRCqkIuSbhAVdILR2EVoFpsDuv_5be2A1RNw", user-agent:"PostmanRuntime/7.45.0", accept:"*/*", cache-control:"no-cache", postman-token:"3867440e-4c53-45ec-9298-4983570764a0", host:"localhost:8080", accept-encoding:"gzip, deflate, br", connection:"keep-alive", content-type:"multipart/form-data; boundary=--------------------------452102314036078577383837", content-length:"668"]
2025-08-09 20:51:24.236 [http-nio-8080-exec-2] [traceId:] [clientIp:] INFO  com.jiangyang.gateway.filter.GlobalLogFilter - 客户端IP: 0:0:0:0:0:0:0:1
2025-08-09 20:51:24.241 [http-nio-8080-exec-2] [traceId:] [clientIp:] DEBUG com.jiangyang.gateway.filter.CircuitBreakerFilter - CircuitBreakerFilter processing path: /api/chatGatWay-internal
2025-08-09 20:51:24.241 [http-nio-8080-exec-2] [traceId:] [clientIp:] DEBUG com.jiangyang.gateway.filter.CircuitBreakerFilter - No circuit breaker config found for path: /api/chatGatWay-internal
2025-08-09 20:51:24.242 [http-nio-8080-exec-2] [traceId:] [clientIp:] INFO  com.jiangyang.gateway.filter.LoggingFilter - [REQUEST] [2025-08-09 20:51:24.241] [GW-1754743884230-947] POST /api/chatGatWay-internal ?appId=test-app-123&timestamp=1754396051747&nonce=ecf0c03a21f74c97bc914f5d3b5b91b8&sign=197aa6f1b59de1fd4d85528c64ba304ade291207853a9052c0671130837a5752 0:0:0:0:0:0:0:1 PostmanRuntime/7.45.0
2025-08-09 20:51:24.242 [http-nio-8080-exec-2] [traceId:] [clientIp:] DEBUG com.jiangyang.gateway.filter.DefensiveFilter - DefensiveFilter processing path: /api/chatGatWay-internal, clientIp: 0:0:0:0:0:0:0:1
2025-08-09 20:51:24.243 [http-nio-8080-exec-2] [traceId:] [clientIp:] DEBUG com.jiangyang.gateway.filter.DefensiveFilter - DefensiveFilter passed for path: /api/chatGatWay-internal
2025-08-09 20:51:24.245 [http-nio-8080-exec-2] [traceId:] [clientIp:] INFO  com.jiangyang.gateway.filter.ValidationFilter - ValidationFilter processing path: /api/chatGatWay-internal
2025-08-09 20:51:24.980 [reactor-http-nio-2] [traceId:] [clientIp:] INFO  com.jiangyang.gateway.filter.ValidationFilter - 收到signature-service验证响应: {valid=true, statusCode=SUCCESS, errorMessage=null, userId=null, username=null, email=null, role=null, permissions=null, appId=null, clientId=null, expiresAt=null, validatedAt=1754743884924, extraInfo=null}
2025-08-09 20:51:24.981 [reactor-http-nio-2] [traceId:] [clientIp:] INFO  com.jiangyang.gateway.filter.ValidationFilter - 验证结果解析: valid=true, path=/api/chatGatWay-internal
2025-08-09 20:51:24.981 [reactor-http-nio-2] [traceId:] [clientIp:] INFO  com.jiangyang.gateway.filter.ValidationFilter - Validation passed for path: /api/chatGatWay-internal
2025-08-09 20:52:05.954 [reactor-http-nio-2] [traceId:] [clientIp:] INFO  com.jiangyang.gateway.filter.GlobalLogFilter - === 网关请求结束 ===
2025-08-09 20:52:05.954 [reactor-http-nio-2] [traceId:] [clientIp:] INFO  com.jiangyang.gateway.filter.GlobalLogFilter - 请求ID: GW-1754743884230-947
2025-08-09 20:52:05.954 [reactor-http-nio-2] [traceId:] [clientIp:] INFO  com.jiangyang.gateway.filter.GlobalLogFilter - 响应时间: 2025-08-09 20:52:05.954
2025-08-09 20:52:05.954 [reactor-http-nio-2] [traceId:] [clientIp:] INFO  com.jiangyang.gateway.filter.GlobalLogFilter - 处理耗时: 41722ms
2025-08-09 20:52:05.954 [reactor-http-nio-2] [traceId:] [clientIp:] INFO  com.jiangyang.gateway.filter.GlobalLogFilter - 响应状态: 200 OK
2025-08-09 20:52:05.955 [reactor-http-nio-2] [traceId:] [clientIp:] INFO  com.jiangyang.gateway.filter.GlobalLogFilter - 响应头: []
2025-08-09 20:52:05.955 [reactor-http-nio-2] [traceId:] [clientIp:] INFO  com.jiangyang.gateway.filter.LoggingFilter - [RESPONSE] [2025-08-09 20:52:05.955] [GW-1754743884230-947] POST /api/chatGatWay-internal 200 41714ms
