2025-08-09 20:50:29.424 [main] [traceId:] [clientIp:] INFO  c.j.gateway.config.NacosRouteConfigListener - 初始化Nacos路由配置监听器
2025-08-09 20:50:29.576 [main] [traceId:] [clientIp:] WARN  c.j.gateway.config.NacosRouteConfigListener - Nacos中未找到路由配置数据
2025-08-09 20:50:31.304 [main] [traceId:] [clientIp:] DEBUG o.s.cloud.gateway.config.GatewayProperties - Routes supplied from Gateway Properties: [RouteDefinition{id='signature-service', predicates=[PredicateDefinition{name='Path', args={_genkey_0=/api/signature/**, _genkey_1=/api/keys/**, _genkey_2=/api/auth/**, _genkey_3=/api/sso/**, _genkey_4=/api/validation/**, _genkey_5=/api/token/**, _genkey_6=/api/app-secret/**}}], filters=[FilterDefinition{name='AddRequestHeader', args={_genkey_0=X-Gateway-Source, _genkey_1=gateway-service}}, FilterDefinition{name='AddResponseHeader', args={_genkey_0=X-Gateway-Response, _genkey_1=true}}], uri=http://localhost:8689, order=-1000, metadata={}}, RouteDefinition{id='bgai-service-validated', predicates=[PredicateDefinition{name='Path', args={_genkey_0=/api/chatGatWay-internal/**, _genkey_1=/api/admin/**}}], filters=[FilterDefinition{name='ValidationFilter', args={}}, FilterDefinition{name='AddRequestHeader', args={_genkey_0=X-Gateway-Source, _genkey_1=gateway-service}}, FilterDefinition{name='AddResponseHeader', args={_genkey_0=X-Gateway-Response, _genkey_1=true}}, FilterDefinition{name='AddRequestHeader', args={_genkey_0=X-Requires-Validation, _genkey_1=true}}], uri=http://localhost:8688, order=0, metadata={}}, RouteDefinition{id='bgai-service-public', predicates=[PredicateDefinition{name='Path', args={_genkey_0=/api/bgai/**, _genkey_1=/api/public/**}}], filters=[FilterDefinition{name='StripPrefix', args={_genkey_0=1}}, FilterDefinition{name='AddRequestHeader', args={_genkey_0=X-Gateway-Source, _genkey_1=gateway-service}}, FilterDefinition{name='AddResponseHeader', args={_genkey_0=X-Gateway-Response, _genkey_1=true}}], uri=http://localhost:8688, order=0, metadata={}}, RouteDefinition{id='default-route', predicates=[PredicateDefinition{name='Path', args={_genkey_0=/**}}], filters=[FilterDefinition{name='AddRequestHeader', args={_genkey_0=X-Gateway-Source, _genkey_1=gateway-service}}, FilterDefinition{name='AddResponseHeader', args={_genkey_0=X-Gateway-Response, _genkey_1=true}}], uri=http://localhost:8688, order=0, metadata={}}]
2025-08-09 20:50:31.509 [main] [traceId:] [clientIp:] DEBUG o.s.c.g.f.f.cache.LocalResponseCacheProperties - No TTL configuration found. Default TTL will be applied for cache entries: PT5M minutes
2025-08-09 20:50:31.562 [main] [traceId:] [clientIp:] INFO  o.s.c.gateway.route.RouteDefinitionRouteLocator - Loaded RoutePredicateFactory [After]
2025-08-09 20:50:31.562 [main] [traceId:] [clientIp:] INFO  o.s.c.gateway.route.RouteDefinitionRouteLocator - Loaded RoutePredicateFactory [Before]
2025-08-09 20:50:31.562 [main] [traceId:] [clientIp:] INFO  o.s.c.gateway.route.RouteDefinitionRouteLocator - Loaded RoutePredicateFactory [Between]
2025-08-09 20:50:31.562 [main] [traceId:] [clientIp:] INFO  o.s.c.gateway.route.RouteDefinitionRouteLocator - Loaded RoutePredicateFactory [Cookie]
2025-08-09 20:50:31.562 [main] [traceId:] [clientIp:] INFO  o.s.c.gateway.route.RouteDefinitionRouteLocator - Loaded RoutePredicateFactory [Header]
2025-08-09 20:50:31.562 [main] [traceId:] [clientIp:] INFO  o.s.c.gateway.route.RouteDefinitionRouteLocator - Loaded RoutePredicateFactory [Host]
2025-08-09 20:50:31.562 [main] [traceId:] [clientIp:] INFO  o.s.c.gateway.route.RouteDefinitionRouteLocator - Loaded RoutePredicateFactory [Method]
2025-08-09 20:50:31.563 [main] [traceId:] [clientIp:] INFO  o.s.c.gateway.route.RouteDefinitionRouteLocator - Loaded RoutePredicateFactory [Path]
2025-08-09 20:50:31.563 [main] [traceId:] [clientIp:] INFO  o.s.c.gateway.route.RouteDefinitionRouteLocator - Loaded RoutePredicateFactory [Query]
2025-08-09 20:50:31.563 [main] [traceId:] [clientIp:] INFO  o.s.c.gateway.route.RouteDefinitionRouteLocator - Loaded RoutePredicateFactory [ReadBody]
2025-08-09 20:50:31.563 [main] [traceId:] [clientIp:] INFO  o.s.c.gateway.route.RouteDefinitionRouteLocator - Loaded RoutePredicateFactory [RemoteAddr]
2025-08-09 20:50:31.563 [main] [traceId:] [clientIp:] INFO  o.s.c.gateway.route.RouteDefinitionRouteLocator - Loaded RoutePredicateFactory [XForwardedRemoteAddr]
2025-08-09 20:50:31.563 [main] [traceId:] [clientIp:] INFO  o.s.c.gateway.route.RouteDefinitionRouteLocator - Loaded RoutePredicateFactory [Weight]
2025-08-09 20:50:31.563 [main] [traceId:] [clientIp:] INFO  o.s.c.gateway.route.RouteDefinitionRouteLocator - Loaded RoutePredicateFactory [CloudFoundryRouteService]
2025-08-09 20:50:34.216 [boundedElastic-4] [traceId:] [clientIp:] DEBUG o.s.c.gateway.route.RouteDefinitionRouteLocator - RouteDefinition ReactiveCompositeDiscoveryClient_gateway-service applying {pattern=/gateway-service/**} to Path
2025-08-09 20:50:34.221 [boundedElastic-3] [traceId:] [clientIp:] DEBUG o.s.c.gateway.route.RouteDefinitionRouteLocator - RouteDefinition ReactiveCompositeDiscoveryClient_gateway-service applying {pattern=/gateway-service/**} to Path
2025-08-09 20:50:34.229 [boundedElastic-4] [traceId:] [clientIp:] DEBUG o.s.c.gateway.route.RouteDefinitionRouteLocator - RouteDefinition ReactiveCompositeDiscoveryClient_gateway-service applying filter {regexp=/gateway-service/?(?<remaining>.*), replacement=/${remaining}} to RewritePath
2025-08-09 20:50:34.229 [boundedElastic-3] [traceId:] [clientIp:] DEBUG o.s.c.gateway.route.RouteDefinitionRouteLocator - RouteDefinition ReactiveCompositeDiscoveryClient_gateway-service applying filter {regexp=/gateway-service/?(?<remaining>.*), replacement=/${remaining}} to RewritePath
2025-08-09 20:50:34.234 [boundedElastic-4] [traceId:] [clientIp:] DEBUG o.s.c.gateway.route.RouteDefinitionRouteLocator - RouteDefinition matched: ReactiveCompositeDiscoveryClient_gateway-service
2025-08-09 20:50:34.234 [boundedElastic-3] [traceId:] [clientIp:] DEBUG o.s.c.gateway.route.RouteDefinitionRouteLocator - RouteDefinition matched: ReactiveCompositeDiscoveryClient_gateway-service
2025-08-09 20:50:34.235 [boundedElastic-4] [traceId:] [clientIp:] DEBUG o.s.c.gateway.route.RouteDefinitionRouteLocator - RouteDefinition signature-service applying {_genkey_0=/api/signature/**, _genkey_1=/api/keys/**, _genkey_2=/api/auth/**, _genkey_3=/api/sso/**, _genkey_4=/api/validation/**, _genkey_5=/api/token/**, _genkey_6=/api/app-secret/**} to Path
2025-08-09 20:50:34.235 [boundedElastic-3] [traceId:] [clientIp:] DEBUG o.s.c.gateway.route.RouteDefinitionRouteLocator - RouteDefinition signature-service applying {_genkey_0=/api/signature/**, _genkey_1=/api/keys/**, _genkey_2=/api/auth/**, _genkey_3=/api/sso/**, _genkey_4=/api/validation/**, _genkey_5=/api/token/**, _genkey_6=/api/app-secret/**} to Path
2025-08-09 20:50:34.235 [boundedElastic-4] [traceId:] [clientIp:] DEBUG o.s.c.gateway.route.RouteDefinitionRouteLocator - RouteDefinition signature-service applying filter {_genkey_0=X-Gateway-Source, _genkey_1=gateway-service} to AddRequestHeader
2025-08-09 20:50:34.235 [boundedElastic-3] [traceId:] [clientIp:] DEBUG o.s.c.gateway.route.RouteDefinitionRouteLocator - RouteDefinition signature-service applying filter {_genkey_0=X-Gateway-Source, _genkey_1=gateway-service} to AddRequestHeader
2025-08-09 20:50:34.240 [boundedElastic-3] [traceId:] [clientIp:] DEBUG o.s.c.gateway.route.RouteDefinitionRouteLocator - RouteDefinition signature-service applying filter {_genkey_0=X-Gateway-Response, _genkey_1=true} to AddResponseHeader
2025-08-09 20:50:34.240 [boundedElastic-4] [traceId:] [clientIp:] DEBUG o.s.c.gateway.route.RouteDefinitionRouteLocator - RouteDefinition signature-service applying filter {_genkey_0=X-Gateway-Response, _genkey_1=true} to AddResponseHeader
2025-08-09 20:50:34.241 [boundedElastic-3] [traceId:] [clientIp:] DEBUG o.s.c.gateway.route.RouteDefinitionRouteLocator - RouteDefinition matched: signature-service
2025-08-09 20:50:34.241 [boundedElastic-4] [traceId:] [clientIp:] DEBUG o.s.c.gateway.route.RouteDefinitionRouteLocator - RouteDefinition matched: signature-service
2025-08-09 20:50:34.241 [boundedElastic-3] [traceId:] [clientIp:] DEBUG o.s.c.gateway.route.RouteDefinitionRouteLocator - RouteDefinition bgai-service-validated applying {_genkey_0=/api/chatGatWay-internal/**, _genkey_1=/api/admin/**} to Path
2025-08-09 20:50:34.241 [boundedElastic-4] [traceId:] [clientIp:] DEBUG o.s.c.gateway.route.RouteDefinitionRouteLocator - RouteDefinition bgai-service-validated applying {_genkey_0=/api/chatGatWay-internal/**, _genkey_1=/api/admin/**} to Path
2025-08-09 20:50:34.242 [boundedElastic-3] [traceId:] [clientIp:] DEBUG o.s.c.gateway.route.RouteDefinitionRouteLocator - RouteDefinition bgai-service-validated applying filter {} to ValidationFilter
2025-08-09 20:50:34.242 [boundedElastic-4] [traceId:] [clientIp:] DEBUG o.s.c.gateway.route.RouteDefinitionRouteLocator - RouteDefinition bgai-service-validated applying filter {} to ValidationFilter
2025-08-09 20:50:34.243 [boundedElastic-4] [traceId:] [clientIp:] DEBUG o.s.c.gateway.route.RouteDefinitionRouteLocator - RouteDefinition bgai-service-validated applying filter {_genkey_0=X-Gateway-Source, _genkey_1=gateway-service} to AddRequestHeader
2025-08-09 20:50:34.243 [boundedElastic-3] [traceId:] [clientIp:] DEBUG o.s.c.gateway.route.RouteDefinitionRouteLocator - RouteDefinition bgai-service-validated applying filter {_genkey_0=X-Gateway-Source, _genkey_1=gateway-service} to AddRequestHeader
2025-08-09 20:50:34.244 [boundedElastic-3] [traceId:] [clientIp:] DEBUG o.s.c.gateway.route.RouteDefinitionRouteLocator - RouteDefinition bgai-service-validated applying filter {_genkey_0=X-Gateway-Response, _genkey_1=true} to AddResponseHeader
2025-08-09 20:50:34.244 [boundedElastic-4] [traceId:] [clientIp:] DEBUG o.s.c.gateway.route.RouteDefinitionRouteLocator - RouteDefinition bgai-service-validated applying filter {_genkey_0=X-Gateway-Response, _genkey_1=true} to AddResponseHeader
2025-08-09 20:50:34.244 [boundedElastic-3] [traceId:] [clientIp:] DEBUG o.s.c.gateway.route.RouteDefinitionRouteLocator - RouteDefinition bgai-service-validated applying filter {_genkey_0=X-Requires-Validation, _genkey_1=true} to AddRequestHeader
2025-08-09 20:50:34.244 [boundedElastic-4] [traceId:] [clientIp:] DEBUG o.s.c.gateway.route.RouteDefinitionRouteLocator - RouteDefinition bgai-service-validated applying filter {_genkey_0=X-Requires-Validation, _genkey_1=true} to AddRequestHeader
2025-08-09 20:50:34.245 [boundedElastic-3] [traceId:] [clientIp:] DEBUG o.s.c.gateway.route.RouteDefinitionRouteLocator - RouteDefinition matched: bgai-service-validated
2025-08-09 20:50:34.245 [boundedElastic-4] [traceId:] [clientIp:] DEBUG o.s.c.gateway.route.RouteDefinitionRouteLocator - RouteDefinition matched: bgai-service-validated
2025-08-09 20:50:34.245 [boundedElastic-4] [traceId:] [clientIp:] DEBUG o.s.c.gateway.route.RouteDefinitionRouteLocator - RouteDefinition bgai-service-public applying {_genkey_0=/api/bgai/**, _genkey_1=/api/public/**} to Path
2025-08-09 20:50:34.245 [boundedElastic-3] [traceId:] [clientIp:] DEBUG o.s.c.gateway.route.RouteDefinitionRouteLocator - RouteDefinition bgai-service-public applying {_genkey_0=/api/bgai/**, _genkey_1=/api/public/**} to Path
2025-08-09 20:50:34.246 [boundedElastic-3] [traceId:] [clientIp:] DEBUG o.s.c.gateway.route.RouteDefinitionRouteLocator - RouteDefinition bgai-service-public applying filter {_genkey_0=1} to StripPrefix
2025-08-09 20:50:34.246 [boundedElastic-4] [traceId:] [clientIp:] DEBUG o.s.c.gateway.route.RouteDefinitionRouteLocator - RouteDefinition bgai-service-public applying filter {_genkey_0=1} to StripPrefix
2025-08-09 20:50:34.248 [boundedElastic-3] [traceId:] [clientIp:] DEBUG o.s.c.gateway.route.RouteDefinitionRouteLocator - RouteDefinition bgai-service-public applying filter {_genkey_0=X-Gateway-Source, _genkey_1=gateway-service} to AddRequestHeader
2025-08-09 20:50:34.248 [boundedElastic-4] [traceId:] [clientIp:] DEBUG o.s.c.gateway.route.RouteDefinitionRouteLocator - RouteDefinition bgai-service-public applying filter {_genkey_0=X-Gateway-Source, _genkey_1=gateway-service} to AddRequestHeader
2025-08-09 20:50:34.249 [boundedElastic-3] [traceId:] [clientIp:] DEBUG o.s.c.gateway.route.RouteDefinitionRouteLocator - RouteDefinition bgai-service-public applying filter {_genkey_0=X-Gateway-Response, _genkey_1=true} to AddResponseHeader
2025-08-09 20:50:34.249 [boundedElastic-4] [traceId:] [clientIp:] DEBUG o.s.c.gateway.route.RouteDefinitionRouteLocator - RouteDefinition bgai-service-public applying filter {_genkey_0=X-Gateway-Response, _genkey_1=true} to AddResponseHeader
2025-08-09 20:50:34.249 [boundedElastic-3] [traceId:] [clientIp:] DEBUG o.s.c.gateway.route.RouteDefinitionRouteLocator - RouteDefinition matched: bgai-service-public
2025-08-09 20:50:34.249 [boundedElastic-4] [traceId:] [clientIp:] DEBUG o.s.c.gateway.route.RouteDefinitionRouteLocator - RouteDefinition matched: bgai-service-public
2025-08-09 20:50:34.249 [boundedElastic-3] [traceId:] [clientIp:] DEBUG o.s.c.gateway.route.RouteDefinitionRouteLocator - RouteDefinition default-route applying {_genkey_0=/**} to Path
2025-08-09 20:50:34.249 [boundedElastic-4] [traceId:] [clientIp:] DEBUG o.s.c.gateway.route.RouteDefinitionRouteLocator - RouteDefinition default-route applying {_genkey_0=/**} to Path
2025-08-09 20:50:34.250 [boundedElastic-4] [traceId:] [clientIp:] DEBUG o.s.c.gateway.route.RouteDefinitionRouteLocator - RouteDefinition default-route applying filter {_genkey_0=X-Gateway-Source, _genkey_1=gateway-service} to AddRequestHeader
2025-08-09 20:50:34.250 [boundedElastic-3] [traceId:] [clientIp:] DEBUG o.s.c.gateway.route.RouteDefinitionRouteLocator - RouteDefinition default-route applying filter {_genkey_0=X-Gateway-Source, _genkey_1=gateway-service} to AddRequestHeader
2025-08-09 20:50:34.251 [boundedElastic-3] [traceId:] [clientIp:] DEBUG o.s.c.gateway.route.RouteDefinitionRouteLocator - RouteDefinition default-route applying filter {_genkey_0=X-Gateway-Response, _genkey_1=true} to AddResponseHeader
2025-08-09 20:50:34.251 [boundedElastic-4] [traceId:] [clientIp:] DEBUG o.s.c.gateway.route.RouteDefinitionRouteLocator - RouteDefinition default-route applying filter {_genkey_0=X-Gateway-Response, _genkey_1=true} to AddResponseHeader
2025-08-09 20:50:34.252 [boundedElastic-4] [traceId:] [clientIp:] DEBUG o.s.c.gateway.route.RouteDefinitionRouteLocator - RouteDefinition matched: default-route
2025-08-09 20:50:34.252 [boundedElastic-3] [traceId:] [clientIp:] DEBUG o.s.c.gateway.route.RouteDefinitionRouteLocator - RouteDefinition matched: default-route
2025-08-09 20:50:34.269 [boundedElastic-1] [traceId:] [clientIp:] DEBUG o.s.cloud.gateway.filter.GatewayMetricsFilter - New routes count: 5
2025-08-09 20:50:34.269 [boundedElastic-4] [traceId:] [clientIp:] DEBUG o.s.c.gateway.route.RouteDefinitionRouteLocator - RouteDefinition ReactiveCompositeDiscoveryClient_gateway-service applying {pattern=/gateway-service/**} to Path
2025-08-09 20:50:34.270 [boundedElastic-1] [traceId:] [clientIp:] DEBUG o.s.cloud.gateway.filter.GatewayMetricsFilter - New routes count: 5
2025-08-09 20:50:34.270 [boundedElastic-4] [traceId:] [clientIp:] DEBUG o.s.c.gateway.route.RouteDefinitionRouteLocator - RouteDefinition ReactiveCompositeDiscoveryClient_gateway-service applying filter {regexp=/gateway-service/?(?<remaining>.*), replacement=/${remaining}} to RewritePath
2025-08-09 20:50:34.271 [boundedElastic-4] [traceId:] [clientIp:] DEBUG o.s.c.gateway.route.RouteDefinitionRouteLocator - RouteDefinition matched: ReactiveCompositeDiscoveryClient_gateway-service
2025-08-09 20:50:34.271 [boundedElastic-4] [traceId:] [clientIp:] DEBUG o.s.c.gateway.route.RouteDefinitionRouteLocator - RouteDefinition signature-service applying {_genkey_0=/api/signature/**, _genkey_1=/api/keys/**, _genkey_2=/api/auth/**, _genkey_3=/api/sso/**, _genkey_4=/api/validation/**, _genkey_5=/api/token/**, _genkey_6=/api/app-secret/**} to Path
2025-08-09 20:50:34.272 [boundedElastic-4] [traceId:] [clientIp:] DEBUG o.s.c.gateway.route.RouteDefinitionRouteLocator - RouteDefinition signature-service applying filter {_genkey_0=X-Gateway-Source, _genkey_1=gateway-service} to AddRequestHeader
2025-08-09 20:50:34.273 [boundedElastic-4] [traceId:] [clientIp:] DEBUG o.s.c.gateway.route.RouteDefinitionRouteLocator - RouteDefinition signature-service applying filter {_genkey_0=X-Gateway-Response, _genkey_1=true} to AddResponseHeader
2025-08-09 20:50:34.273 [boundedElastic-4] [traceId:] [clientIp:] DEBUG o.s.c.gateway.route.RouteDefinitionRouteLocator - RouteDefinition matched: signature-service
2025-08-09 20:50:34.273 [boundedElastic-4] [traceId:] [clientIp:] DEBUG o.s.c.gateway.route.RouteDefinitionRouteLocator - RouteDefinition bgai-service-validated applying {_genkey_0=/api/chatGatWay-internal/**, _genkey_1=/api/admin/**} to Path
2025-08-09 20:50:34.274 [boundedElastic-4] [traceId:] [clientIp:] DEBUG o.s.c.gateway.route.RouteDefinitionRouteLocator - RouteDefinition bgai-service-validated applying filter {} to ValidationFilter
2025-08-09 20:50:34.274 [boundedElastic-4] [traceId:] [clientIp:] DEBUG o.s.c.gateway.route.RouteDefinitionRouteLocator - RouteDefinition bgai-service-validated applying filter {_genkey_0=X-Gateway-Source, _genkey_1=gateway-service} to AddRequestHeader
2025-08-09 20:50:34.275 [boundedElastic-4] [traceId:] [clientIp:] DEBUG o.s.c.gateway.route.RouteDefinitionRouteLocator - RouteDefinition bgai-service-validated applying filter {_genkey_0=X-Gateway-Response, _genkey_1=true} to AddResponseHeader
2025-08-09 20:50:34.275 [boundedElastic-4] [traceId:] [clientIp:] DEBUG o.s.c.gateway.route.RouteDefinitionRouteLocator - RouteDefinition bgai-service-validated applying filter {_genkey_0=X-Requires-Validation, _genkey_1=true} to AddRequestHeader
2025-08-09 20:50:34.276 [boundedElastic-4] [traceId:] [clientIp:] DEBUG o.s.c.gateway.route.RouteDefinitionRouteLocator - RouteDefinition matched: bgai-service-validated
2025-08-09 20:50:34.276 [boundedElastic-4] [traceId:] [clientIp:] DEBUG o.s.c.gateway.route.RouteDefinitionRouteLocator - RouteDefinition bgai-service-public applying {_genkey_0=/api/bgai/**, _genkey_1=/api/public/**} to Path
2025-08-09 20:50:34.277 [boundedElastic-4] [traceId:] [clientIp:] DEBUG o.s.c.gateway.route.RouteDefinitionRouteLocator - RouteDefinition bgai-service-public applying filter {_genkey_0=1} to StripPrefix
2025-08-09 20:50:34.277 [boundedElastic-4] [traceId:] [clientIp:] DEBUG o.s.c.gateway.route.RouteDefinitionRouteLocator - RouteDefinition bgai-service-public applying filter {_genkey_0=X-Gateway-Source, _genkey_1=gateway-service} to AddRequestHeader
2025-08-09 20:50:34.278 [boundedElastic-4] [traceId:] [clientIp:] DEBUG o.s.c.gateway.route.RouteDefinitionRouteLocator - RouteDefinition bgai-service-public applying filter {_genkey_0=X-Gateway-Response, _genkey_1=true} to AddResponseHeader
2025-08-09 20:50:34.279 [boundedElastic-4] [traceId:] [clientIp:] DEBUG o.s.c.gateway.route.RouteDefinitionRouteLocator - RouteDefinition matched: bgai-service-public
2025-08-09 20:50:34.279 [boundedElastic-4] [traceId:] [clientIp:] DEBUG o.s.c.gateway.route.RouteDefinitionRouteLocator - RouteDefinition default-route applying {_genkey_0=/**} to Path
2025-08-09 20:50:34.280 [boundedElastic-4] [traceId:] [clientIp:] DEBUG o.s.c.gateway.route.RouteDefinitionRouteLocator - RouteDefinition default-route applying filter {_genkey_0=X-Gateway-Source, _genkey_1=gateway-service} to AddRequestHeader
2025-08-09 20:50:34.281 [boundedElastic-4] [traceId:] [clientIp:] DEBUG o.s.c.gateway.route.RouteDefinitionRouteLocator - RouteDefinition default-route applying filter {_genkey_0=X-Gateway-Response, _genkey_1=true} to AddResponseHeader
2025-08-09 20:50:34.282 [boundedElastic-4] [traceId:] [clientIp:] DEBUG o.s.c.gateway.route.RouteDefinitionRouteLocator - RouteDefinition matched: default-route
2025-08-09 20:50:34.288 [boundedElastic-2] [traceId:] [clientIp:] DEBUG o.s.c.gateway.route.RouteDefinitionRouteLocator - RouteDefinition ReactiveCompositeDiscoveryClient_gateway-service applying {pattern=/gateway-service/**} to Path
2025-08-09 20:50:34.289 [boundedElastic-4] [traceId:] [clientIp:] DEBUG o.s.cloud.gateway.filter.GatewayMetricsFilter - New routes count: 5
2025-08-09 20:50:34.289 [boundedElastic-2] [traceId:] [clientIp:] DEBUG o.s.c.gateway.route.RouteDefinitionRouteLocator - RouteDefinition ReactiveCompositeDiscoveryClient_gateway-service applying filter {regexp=/gateway-service/?(?<remaining>.*), replacement=/${remaining}} to RewritePath
2025-08-09 20:50:34.290 [boundedElastic-2] [traceId:] [clientIp:] DEBUG o.s.c.gateway.route.RouteDefinitionRouteLocator - RouteDefinition matched: ReactiveCompositeDiscoveryClient_gateway-service
2025-08-09 20:50:34.291 [boundedElastic-2] [traceId:] [clientIp:] DEBUG o.s.c.gateway.route.RouteDefinitionRouteLocator - RouteDefinition signature-service applying {_genkey_0=/api/signature/**, _genkey_1=/api/keys/**, _genkey_2=/api/auth/**, _genkey_3=/api/sso/**, _genkey_4=/api/validation/**, _genkey_5=/api/token/**, _genkey_6=/api/app-secret/**} to Path
2025-08-09 20:50:34.291 [boundedElastic-2] [traceId:] [clientIp:] DEBUG o.s.c.gateway.route.RouteDefinitionRouteLocator - RouteDefinition signature-service applying filter {_genkey_0=X-Gateway-Source, _genkey_1=gateway-service} to AddRequestHeader
2025-08-09 20:50:34.292 [boundedElastic-2] [traceId:] [clientIp:] DEBUG o.s.c.gateway.route.RouteDefinitionRouteLocator - RouteDefinition signature-service applying filter {_genkey_0=X-Gateway-Response, _genkey_1=true} to AddResponseHeader
2025-08-09 20:50:34.293 [boundedElastic-2] [traceId:] [clientIp:] DEBUG o.s.c.gateway.route.RouteDefinitionRouteLocator - RouteDefinition matched: signature-service
2025-08-09 20:50:34.293 [boundedElastic-2] [traceId:] [clientIp:] DEBUG o.s.c.gateway.route.RouteDefinitionRouteLocator - RouteDefinition bgai-service-validated applying {_genkey_0=/api/chatGatWay-internal/**, _genkey_1=/api/admin/**} to Path
2025-08-09 20:50:34.294 [boundedElastic-2] [traceId:] [clientIp:] DEBUG o.s.c.gateway.route.RouteDefinitionRouteLocator - RouteDefinition bgai-service-validated applying filter {} to ValidationFilter
2025-08-09 20:50:34.295 [boundedElastic-2] [traceId:] [clientIp:] DEBUG o.s.c.gateway.route.RouteDefinitionRouteLocator - RouteDefinition bgai-service-validated applying filter {_genkey_0=X-Gateway-Source, _genkey_1=gateway-service} to AddRequestHeader
2025-08-09 20:50:34.296 [boundedElastic-2] [traceId:] [clientIp:] DEBUG o.s.c.gateway.route.RouteDefinitionRouteLocator - RouteDefinition bgai-service-validated applying filter {_genkey_0=X-Gateway-Response, _genkey_1=true} to AddResponseHeader
2025-08-09 20:50:34.297 [boundedElastic-2] [traceId:] [clientIp:] DEBUG o.s.c.gateway.route.RouteDefinitionRouteLocator - RouteDefinition bgai-service-validated applying filter {_genkey_0=X-Requires-Validation, _genkey_1=true} to AddRequestHeader
2025-08-09 20:50:34.297 [boundedElastic-2] [traceId:] [clientIp:] DEBUG o.s.c.gateway.route.RouteDefinitionRouteLocator - RouteDefinition matched: bgai-service-validated
2025-08-09 20:50:34.297 [boundedElastic-2] [traceId:] [clientIp:] DEBUG o.s.c.gateway.route.RouteDefinitionRouteLocator - RouteDefinition bgai-service-public applying {_genkey_0=/api/bgai/**, _genkey_1=/api/public/**} to Path
2025-08-09 20:50:34.298 [boundedElastic-2] [traceId:] [clientIp:] DEBUG o.s.c.gateway.route.RouteDefinitionRouteLocator - RouteDefinition bgai-service-public applying filter {_genkey_0=1} to StripPrefix
2025-08-09 20:50:34.299 [boundedElastic-2] [traceId:] [clientIp:] DEBUG o.s.c.gateway.route.RouteDefinitionRouteLocator - RouteDefinition bgai-service-public applying filter {_genkey_0=X-Gateway-Source, _genkey_1=gateway-service} to AddRequestHeader
2025-08-09 20:50:34.299 [boundedElastic-2] [traceId:] [clientIp:] DEBUG o.s.c.gateway.route.RouteDefinitionRouteLocator - RouteDefinition bgai-service-public applying filter {_genkey_0=X-Gateway-Response, _genkey_1=true} to AddResponseHeader
2025-08-09 20:50:34.300 [boundedElastic-2] [traceId:] [clientIp:] DEBUG o.s.c.gateway.route.RouteDefinitionRouteLocator - RouteDefinition matched: bgai-service-public
2025-08-09 20:50:34.300 [boundedElastic-2] [traceId:] [clientIp:] DEBUG o.s.c.gateway.route.RouteDefinitionRouteLocator - RouteDefinition default-route applying {_genkey_0=/**} to Path
2025-08-09 20:50:34.301 [boundedElastic-2] [traceId:] [clientIp:] DEBUG o.s.c.gateway.route.RouteDefinitionRouteLocator - RouteDefinition default-route applying filter {_genkey_0=X-Gateway-Source, _genkey_1=gateway-service} to AddRequestHeader
2025-08-09 20:50:34.302 [boundedElastic-2] [traceId:] [clientIp:] DEBUG o.s.c.gateway.route.RouteDefinitionRouteLocator - RouteDefinition default-route applying filter {_genkey_0=X-Gateway-Response, _genkey_1=true} to AddResponseHeader
2025-08-09 20:50:34.303 [boundedElastic-2] [traceId:] [clientIp:] DEBUG o.s.c.gateway.route.RouteDefinitionRouteLocator - RouteDefinition matched: default-route
2025-08-09 20:51:04.288 [boundedElastic-5] [traceId:] [clientIp:] DEBUG o.s.cloud.gateway.filter.GatewayMetricsFilter - New routes count: 7
2025-08-09 20:51:04.356 [boundedElastic-1] [traceId:] [clientIp:] DEBUG o.s.c.gateway.route.RouteDefinitionRouteLocator - RouteDefinition ReactiveCompositeDiscoveryClient_gateway-service applying {pattern=/gateway-service/**} to Path
2025-08-09 20:51:04.358 [boundedElastic-1] [traceId:] [clientIp:] DEBUG o.s.c.gateway.route.RouteDefinitionRouteLocator - RouteDefinition ReactiveCompositeDiscoveryClient_gateway-service applying filter {regexp=/gateway-service/?(?<remaining>.*), replacement=/${remaining}} to RewritePath
2025-08-09 20:51:04.359 [boundedElastic-1] [traceId:] [clientIp:] DEBUG o.s.c.gateway.route.RouteDefinitionRouteLocator - RouteDefinition matched: ReactiveCompositeDiscoveryClient_gateway-service
2025-08-09 20:51:04.366 [boundedElastic-1] [traceId:] [clientIp:] DEBUG o.s.c.gateway.route.RouteDefinitionRouteLocator - RouteDefinition ReactiveCompositeDiscoveryClient_bgai-service applying {pattern=/bgai-service/**} to Path
2025-08-09 20:51:04.367 [boundedElastic-1] [traceId:] [clientIp:] DEBUG o.s.c.gateway.route.RouteDefinitionRouteLocator - RouteDefinition ReactiveCompositeDiscoveryClient_bgai-service applying filter {regexp=/bgai-service/?(?<remaining>.*), replacement=/${remaining}} to RewritePath
2025-08-09 20:51:04.367 [boundedElastic-1] [traceId:] [clientIp:] DEBUG o.s.c.gateway.route.RouteDefinitionRouteLocator - RouteDefinition matched: ReactiveCompositeDiscoveryClient_bgai-service
2025-08-09 20:51:04.368 [boundedElastic-1] [traceId:] [clientIp:] DEBUG o.s.c.gateway.route.RouteDefinitionRouteLocator - RouteDefinition ReactiveCompositeDiscoveryClient_signature-service applying {pattern=/signature-service/**} to Path
2025-08-09 20:51:04.368 [boundedElastic-1] [traceId:] [clientIp:] DEBUG o.s.c.gateway.route.RouteDefinitionRouteLocator - RouteDefinition ReactiveCompositeDiscoveryClient_signature-service applying filter {regexp=/signature-service/?(?<remaining>.*), replacement=/${remaining}} to RewritePath
2025-08-09 20:51:04.370 [boundedElastic-1] [traceId:] [clientIp:] DEBUG o.s.c.gateway.route.RouteDefinitionRouteLocator - RouteDefinition matched: ReactiveCompositeDiscoveryClient_signature-service
2025-08-09 20:51:04.370 [boundedElastic-1] [traceId:] [clientIp:] DEBUG o.s.c.gateway.route.RouteDefinitionRouteLocator - RouteDefinition signature-service applying {_genkey_0=/api/signature/**, _genkey_1=/api/keys/**, _genkey_2=/api/auth/**, _genkey_3=/api/sso/**, _genkey_4=/api/validation/**, _genkey_5=/api/token/**, _genkey_6=/api/app-secret/**} to Path
2025-08-09 20:51:04.373 [boundedElastic-1] [traceId:] [clientIp:] DEBUG o.s.c.gateway.route.RouteDefinitionRouteLocator - RouteDefinition signature-service applying filter {_genkey_0=X-Gateway-Source, _genkey_1=gateway-service} to AddRequestHeader
2025-08-09 20:51:04.374 [boundedElastic-1] [traceId:] [clientIp:] DEBUG o.s.c.gateway.route.RouteDefinitionRouteLocator - RouteDefinition signature-service applying filter {_genkey_0=X-Gateway-Response, _genkey_1=true} to AddResponseHeader
2025-08-09 20:51:04.375 [boundedElastic-1] [traceId:] [clientIp:] DEBUG o.s.c.gateway.route.RouteDefinitionRouteLocator - RouteDefinition matched: signature-service
2025-08-09 20:51:04.375 [boundedElastic-1] [traceId:] [clientIp:] DEBUG o.s.c.gateway.route.RouteDefinitionRouteLocator - RouteDefinition bgai-service-validated applying {_genkey_0=/api/chatGatWay-internal/**, _genkey_1=/api/admin/**} to Path
2025-08-09 20:51:04.376 [boundedElastic-1] [traceId:] [clientIp:] DEBUG o.s.c.gateway.route.RouteDefinitionRouteLocator - RouteDefinition bgai-service-validated applying filter {} to ValidationFilter
2025-08-09 20:51:04.377 [boundedElastic-1] [traceId:] [clientIp:] DEBUG o.s.c.gateway.route.RouteDefinitionRouteLocator - RouteDefinition bgai-service-validated applying filter {_genkey_0=X-Gateway-Source, _genkey_1=gateway-service} to AddRequestHeader
2025-08-09 20:51:04.378 [boundedElastic-1] [traceId:] [clientIp:] DEBUG o.s.c.gateway.route.RouteDefinitionRouteLocator - RouteDefinition bgai-service-validated applying filter {_genkey_0=X-Gateway-Response, _genkey_1=true} to AddResponseHeader
2025-08-09 20:51:04.378 [boundedElastic-1] [traceId:] [clientIp:] DEBUG o.s.c.gateway.route.RouteDefinitionRouteLocator - RouteDefinition bgai-service-validated applying filter {_genkey_0=X-Requires-Validation, _genkey_1=true} to AddRequestHeader
2025-08-09 20:51:04.379 [boundedElastic-1] [traceId:] [clientIp:] DEBUG o.s.c.gateway.route.RouteDefinitionRouteLocator - RouteDefinition matched: bgai-service-validated
2025-08-09 20:51:04.379 [boundedElastic-1] [traceId:] [clientIp:] DEBUG o.s.c.gateway.route.RouteDefinitionRouteLocator - RouteDefinition bgai-service-public applying {_genkey_0=/api/bgai/**, _genkey_1=/api/public/**} to Path
2025-08-09 20:51:04.380 [boundedElastic-1] [traceId:] [clientIp:] DEBUG o.s.c.gateway.route.RouteDefinitionRouteLocator - RouteDefinition bgai-service-public applying filter {_genkey_0=1} to StripPrefix
2025-08-09 20:51:04.381 [boundedElastic-1] [traceId:] [clientIp:] DEBUG o.s.c.gateway.route.RouteDefinitionRouteLocator - RouteDefinition bgai-service-public applying filter {_genkey_0=X-Gateway-Source, _genkey_1=gateway-service} to AddRequestHeader
2025-08-09 20:51:04.382 [boundedElastic-1] [traceId:] [clientIp:] DEBUG o.s.c.gateway.route.RouteDefinitionRouteLocator - RouteDefinition bgai-service-public applying filter {_genkey_0=X-Gateway-Response, _genkey_1=true} to AddResponseHeader
2025-08-09 20:51:04.383 [boundedElastic-1] [traceId:] [clientIp:] DEBUG o.s.c.gateway.route.RouteDefinitionRouteLocator - RouteDefinition matched: bgai-service-public
2025-08-09 20:51:04.383 [boundedElastic-1] [traceId:] [clientIp:] DEBUG o.s.c.gateway.route.RouteDefinitionRouteLocator - RouteDefinition default-route applying {_genkey_0=/**} to Path
2025-08-09 20:51:04.386 [boundedElastic-1] [traceId:] [clientIp:] DEBUG o.s.c.gateway.route.RouteDefinitionRouteLocator - RouteDefinition default-route applying filter {_genkey_0=X-Gateway-Source, _genkey_1=gateway-service} to AddRequestHeader
2025-08-09 20:51:04.387 [boundedElastic-1] [traceId:] [clientIp:] DEBUG o.s.c.gateway.route.RouteDefinitionRouteLocator - RouteDefinition default-route applying filter {_genkey_0=X-Gateway-Response, _genkey_1=true} to AddResponseHeader
2025-08-09 20:51:04.388 [boundedElastic-1] [traceId:] [clientIp:] DEBUG o.s.c.gateway.route.RouteDefinitionRouteLocator - RouteDefinition matched: default-route
2025-08-09 20:51:24.226 [http-nio-8080-exec-2] [traceId:] [clientIp:] DEBUG o.s.c.gateway.handler.RoutePredicateHandlerMapping - Route matched: bgai-service-validated
2025-08-09 20:51:24.228 [http-nio-8080-exec-2] [traceId:] [clientIp:] DEBUG o.s.c.gateway.handler.RoutePredicateHandlerMapping - Mapping [Exchange: POST http://localhost:8080/api/chatGatWay-internal?appId=test-app-123&timestamp=1754396051747&nonce=ecf0c03a21f74c97bc914f5d3b5b91b8&sign=197aa6f1b59de1fd4d85528c64ba304ade291207853a9052c0671130837a5752] to Route{id='bgai-service-validated', uri=http://localhost:8688, order=0, predicate=Paths: [/api/chatGatWay-internal/**, /api/admin/**], match trailing slash: true, gatewayFilters=[[com.jiangyang.gateway.filter.ValidationFilter$$Lambda/0x0000025a21a3df38@683fbcd9, order = 1], [[AddRequestHeader X-Gateway-Source = 'gateway-service'], order = 2], [[AddResponseHeader X-Gateway-Response = 'true'], order = 3], [[AddRequestHeader X-Requires-Validation = 'true'], order = 4]], metadata={}}
2025-08-09 20:51:24.228 [http-nio-8080-exec-2] [traceId:] [clientIp:] DEBUG o.s.c.gateway.handler.RoutePredicateHandlerMapping - [241e8004] Mapped to org.springframework.cloud.gateway.handler.FilteringWebHandler@274de4bc
2025-08-09 20:51:24.229 [http-nio-8080-exec-2] [traceId:] [clientIp:] DEBUG o.s.cloud.gateway.handler.FilteringWebHandler - Sorted gatewayFilterFactories: [[GatewayFilterAdapter{delegate=com.jiangyang.gateway.filter.GlobalLogFilter@219ec4b6}, order = -2147483648], [GatewayFilterAdapter{delegate=org.springframework.cloud.gateway.filter.RemoveCachedBodyFilter@5680228}, order = -2147483648], [GatewayFilterAdapter{delegate=org.springframework.cloud.gateway.filter.AdaptCachedBodyGlobalFilter@72933ccb}, order = -2147482648], [GatewayFilterAdapter{delegate=com.jiangyang.gateway.filter.CircuitBreakerFilter@31c800a5}, order = -70], [GatewayFilterAdapter{delegate=com.jiangyang.gateway.filter.LoggingFilter@cdc09d}, order = -60], [GatewayFilterAdapter{delegate=com.jiangyang.gateway.filter.RequestTransformFilter@58829c2c}, order = -50], [GatewayFilterAdapter{delegate=com.jiangyang.gateway.filter.DefensiveFilter@648bfebe}, order = -40], [GatewayFilterAdapter{delegate=org.springframework.cloud.gateway.filter.NettyWriteResponseFilter@751636da}, order = -1], [GatewayFilterAdapter{delegate=org.springframework.cloud.gateway.filter.ForwardPathFilter@3fcc58f8}, order = 0], [GatewayFilterAdapter{delegate=org.springframework.cloud.gateway.filter.GatewayMetricsFilter@1d7135c}, order = 0], [com.jiangyang.gateway.filter.ValidationFilter$$Lambda/0x0000025a21a3df38@683fbcd9, order = 1], [[AddRequestHeader X-Gateway-Source = 'gateway-service'], order = 2], [[AddResponseHeader X-Gateway-Response = 'true'], order = 3], [[AddRequestHeader X-Requires-Validation = 'true'], order = 4], [GatewayFilterAdapter{delegate=org.springframework.cloud.gateway.filter.RouteToRequestUrlFilter@68769265}, order = 10000], [GatewayFilterAdapter{delegate=org.springframework.cloud.gateway.filter.ReactiveLoadBalancerClientFilter@77c4aeb6}, order = 10150], [GatewayFilterAdapter{delegate=org.springframework.cloud.gateway.filter.LoadBalancerServiceInstanceCookieFilter@1c4335c8}, order = 10151], [GatewayFilterAdapter{delegate=org.springframework.cloud.gateway.filter.WebsocketRoutingFilter@3ddec942}, order = 2147483646], [GatewayFilterAdapter{delegate=com.jiangyang.gateway.filter.ExceptionHandlerFilter@383a5260}, order = 2147483647], [GatewayFilterAdapter{delegate=org.springframework.cloud.gateway.filter.NettyRoutingFilter@67e255cf}, order = 2147483647], [GatewayFilterAdapter{delegate=org.springframework.cloud.gateway.filter.ForwardRoutingFilter@cf0e8b4}, order = 2147483647]]
2025-08-09 20:51:24.291 [http-nio-8080-exec-2] [traceId:] [clientIp:] DEBUG o.s.web.reactive.function.client.ExchangeFunctions - [393ebf5] HTTP POST http://localhost:8689/api/validation/validate
2025-08-09 20:51:24.962 [reactor-http-nio-2] [traceId:] [clientIp:] DEBUG o.s.web.reactive.function.client.ExchangeFunctions - [393ebf5] [c67d463b-1] Response 200 OK
2025-08-09 20:51:24.985 [reactor-http-nio-2] [traceId:] [clientIp:] DEBUG o.s.c.g.f.h.o.ObservedRequestHttpHeadersFilter - Will instrument the HTTP request headers [x-api-key:"3104b7ec547143eb960d6aa5a110da80", x-user-id:"689258T", authorization:"Bearer eyJhbGciOiJIUzI1NiJ9.eyJyb2xlIjoiVVNFUiIsImxvY2tlZCI6ZmFsc2UsInVzZXJJZCI6IjY4OTI1OFQiLCJlbWFpbCI6ImpvaG4uZG9lQGV4YW1wbGUuY29tIiwiZW5hYmxlZCI6dHJ1ZSwidXNlcm5hbWUiOiJqb2huLmRvZSIsImlhdCI6MTc1NDc0MjMzNywiZXhwIjoxNzU0NzQ1OTM3LCJpc3MiOiJzaWduYXR1cmUtc2VydmljZSIsImF1ZCI6ImFwaS11c2VycyJ9.46pIQjvvRCqkIuSbhAVdILR2EVoFpsDuv_5be2A1RNw", user-agent:"PostmanRuntime/7.45.0", accept:"*/*", cache-control:"no-cache", postman-token:"3867440e-4c53-45ec-9298-4983570764a0", host:"localhost:8080", accept-encoding:"gzip, deflate, br", content-type:"multipart/form-data; boundary=--------------------------452102314036078577383837", content-length:"668", X-Request-ID:"GW-1754743884230-947", X-Timestamp:"1754743884242", X-Gateway-Version:"1.0.0", X-Service-Name:"gateway-service", X-Gateway-Source:"gateway-service", X-Requires-Validation:"true", Forwarded:"proto=http;host="localhost:8080";for="[0:0:0:0:0:0:0:1]:52540"", X-Forwarded-For:"0:0:0:0:0:0:0:1", X-Forwarded-Proto:"http", X-Forwarded-Port:"8080", X-Forwarded-Host:"localhost:8080"]
2025-08-09 20:51:24.989 [reactor-http-nio-2] [traceId:] [clientIp:] DEBUG o.s.c.g.f.h.o.ObservedRequestHttpHeadersFilter - Client observation  {name=http.client.requests(null), error=null, context=name='http.client.requests', contextualName='null', error='null', lowCardinalityKeyValues=[http.method='POST', http.status_code='UNKNOWN', spring.cloud.gateway.route.id='bgai-service-validated', spring.cloud.gateway.route.uri='http://localhost:8688'], highCardinalityKeyValues=[http.uri='http://localhost:8080/api/chatGatWay-internal?appId=test-app-123&timestamp=1754396051747&nonce=ecf0c03a21f74c97bc914f5d3b5b91b8&sign=197aa6f1b59de1fd4d85528c64ba304ade291207853a9052c0671130837a5752'], map=[class io.micrometer.core.instrument.LongTaskTimer$Sample='SampleImpl{duration(seconds)=6.333E-4, duration(nanos)=633300.0, startTimeNanos=91442001292500}', class io.micrometer.core.instrument.Timer$Sample='io.micrometer.core.instrument.Timer$Sample@68c076f3'], parentObservation={name=http.server.requests(null), error=null, context=name='http.server.requests', contextualName='null', error='null', lowCardinalityKeyValues=[exception='none', method='POST', outcome='SUCCESS', status='200', uri='UNKNOWN'], highCardinalityKeyValues=[http.url='/api/chatGatWay-internal'], map=[class io.micrometer.core.instrument.LongTaskTimer$Sample='SampleImpl{duration(seconds)=0.7765946, duration(nanos)=7.765946E8, startTimeNanos=91441225461900}', class io.micrometer.core.instrument.Timer$Sample='io.micrometer.core.instrument.Timer$Sample@3c8056b5'], parentObservation=null}} created for the request. New headers are [x-api-key:"3104b7ec547143eb960d6aa5a110da80", x-user-id:"689258T", authorization:"Bearer eyJhbGciOiJIUzI1NiJ9.eyJyb2xlIjoiVVNFUiIsImxvY2tlZCI6ZmFsc2UsInVzZXJJZCI6IjY4OTI1OFQiLCJlbWFpbCI6ImpvaG4uZG9lQGV4YW1wbGUuY29tIiwiZW5hYmxlZCI6dHJ1ZSwidXNlcm5hbWUiOiJqb2huLmRvZSIsImlhdCI6MTc1NDc0MjMzNywiZXhwIjoxNzU0NzQ1OTM3LCJpc3MiOiJzaWduYXR1cmUtc2VydmljZSIsImF1ZCI6ImFwaS11c2VycyJ9.46pIQjvvRCqkIuSbhAVdILR2EVoFpsDuv_5be2A1RNw", user-agent:"PostmanRuntime/7.45.0", accept:"*/*", cache-control:"no-cache", postman-token:"3867440e-4c53-45ec-9298-4983570764a0", host:"localhost:8080", accept-encoding:"gzip, deflate, br", content-type:"multipart/form-data; boundary=--------------------------452102314036078577383837", content-length:"668", X-Request-ID:"GW-1754743884230-947", X-Timestamp:"1754743884242", X-Gateway-Version:"1.0.0", X-Service-Name:"gateway-service", X-Gateway-Source:"gateway-service", X-Requires-Validation:"true", Forwarded:"proto=http;host="localhost:8080";for="[0:0:0:0:0:0:0:1]:52540"", X-Forwarded-For:"0:0:0:0:0:0:0:1", X-Forwarded-Proto:"http", X-Forwarded-Port:"8080", X-Forwarded-Host:"localhost:8080"]
2025-08-09 20:51:34.280 [boundedElastic-7] [traceId:] [clientIp:] DEBUG o.s.c.gateway.route.RouteDefinitionRouteLocator - RouteDefinition ReactiveCompositeDiscoveryClient_bgai-service applying {pattern=/bgai-service/**} to Path
2025-08-09 20:51:34.280 [boundedElastic-1] [traceId:] [clientIp:] DEBUG o.s.cloud.gateway.filter.GatewayMetricsFilter - New routes count: 7
2025-08-09 20:51:34.280 [boundedElastic-7] [traceId:] [clientIp:] DEBUG o.s.c.gateway.route.RouteDefinitionRouteLocator - RouteDefinition ReactiveCompositeDiscoveryClient_bgai-service applying filter {regexp=/bgai-service/?(?<remaining>.*), replacement=/${remaining}} to RewritePath
2025-08-09 20:51:34.281 [boundedElastic-7] [traceId:] [clientIp:] DEBUG o.s.c.gateway.route.RouteDefinitionRouteLocator - RouteDefinition matched: ReactiveCompositeDiscoveryClient_bgai-service
2025-08-09 20:51:34.281 [boundedElastic-7] [traceId:] [clientIp:] DEBUG o.s.c.gateway.route.RouteDefinitionRouteLocator - RouteDefinition ReactiveCompositeDiscoveryClient_gateway-service applying {pattern=/gateway-service/**} to Path
2025-08-09 20:51:34.281 [boundedElastic-7] [traceId:] [clientIp:] DEBUG o.s.c.gateway.route.RouteDefinitionRouteLocator - RouteDefinition ReactiveCompositeDiscoveryClient_gateway-service applying filter {regexp=/gateway-service/?(?<remaining>.*), replacement=/${remaining}} to RewritePath
2025-08-09 20:51:34.282 [boundedElastic-7] [traceId:] [clientIp:] DEBUG o.s.c.gateway.route.RouteDefinitionRouteLocator - RouteDefinition matched: ReactiveCompositeDiscoveryClient_gateway-service
2025-08-09 20:51:34.282 [boundedElastic-7] [traceId:] [clientIp:] DEBUG o.s.c.gateway.route.RouteDefinitionRouteLocator - RouteDefinition ReactiveCompositeDiscoveryClient_signature-service applying {pattern=/signature-service/**} to Path
2025-08-09 20:51:34.282 [boundedElastic-7] [traceId:] [clientIp:] DEBUG o.s.c.gateway.route.RouteDefinitionRouteLocator - RouteDefinition ReactiveCompositeDiscoveryClient_signature-service applying filter {regexp=/signature-service/?(?<remaining>.*), replacement=/${remaining}} to RewritePath
2025-08-09 20:51:34.283 [boundedElastic-7] [traceId:] [clientIp:] DEBUG o.s.c.gateway.route.RouteDefinitionRouteLocator - RouteDefinition matched: ReactiveCompositeDiscoveryClient_signature-service
2025-08-09 20:51:34.283 [boundedElastic-7] [traceId:] [clientIp:] DEBUG o.s.c.gateway.route.RouteDefinitionRouteLocator - RouteDefinition signature-service applying {_genkey_0=/api/signature/**, _genkey_1=/api/keys/**, _genkey_2=/api/auth/**, _genkey_3=/api/sso/**, _genkey_4=/api/validation/**, _genkey_5=/api/token/**, _genkey_6=/api/app-secret/**} to Path
2025-08-09 20:51:34.283 [boundedElastic-7] [traceId:] [clientIp:] DEBUG o.s.c.gateway.route.RouteDefinitionRouteLocator - RouteDefinition signature-service applying filter {_genkey_0=X-Gateway-Source, _genkey_1=gateway-service} to AddRequestHeader
2025-08-09 20:51:34.284 [boundedElastic-7] [traceId:] [clientIp:] DEBUG o.s.c.gateway.route.RouteDefinitionRouteLocator - RouteDefinition signature-service applying filter {_genkey_0=X-Gateway-Response, _genkey_1=true} to AddResponseHeader
2025-08-09 20:51:34.284 [boundedElastic-7] [traceId:] [clientIp:] DEBUG o.s.c.gateway.route.RouteDefinitionRouteLocator - RouteDefinition matched: signature-service
2025-08-09 20:51:34.284 [boundedElastic-7] [traceId:] [clientIp:] DEBUG o.s.c.gateway.route.RouteDefinitionRouteLocator - RouteDefinition bgai-service-validated applying {_genkey_0=/api/chatGatWay-internal/**, _genkey_1=/api/admin/**} to Path
2025-08-09 20:51:34.285 [boundedElastic-7] [traceId:] [clientIp:] DEBUG o.s.c.gateway.route.RouteDefinitionRouteLocator - RouteDefinition bgai-service-validated applying filter {} to ValidationFilter
2025-08-09 20:51:34.285 [boundedElastic-7] [traceId:] [clientIp:] DEBUG o.s.c.gateway.route.RouteDefinitionRouteLocator - RouteDefinition bgai-service-validated applying filter {_genkey_0=X-Gateway-Source, _genkey_1=gateway-service} to AddRequestHeader
2025-08-09 20:51:34.285 [boundedElastic-7] [traceId:] [clientIp:] DEBUG o.s.c.gateway.route.RouteDefinitionRouteLocator - RouteDefinition bgai-service-validated applying filter {_genkey_0=X-Gateway-Response, _genkey_1=true} to AddResponseHeader
2025-08-09 20:51:34.286 [boundedElastic-7] [traceId:] [clientIp:] DEBUG o.s.c.gateway.route.RouteDefinitionRouteLocator - RouteDefinition bgai-service-validated applying filter {_genkey_0=X-Requires-Validation, _genkey_1=true} to AddRequestHeader
2025-08-09 20:51:34.286 [boundedElastic-7] [traceId:] [clientIp:] DEBUG o.s.c.gateway.route.RouteDefinitionRouteLocator - RouteDefinition matched: bgai-service-validated
2025-08-09 20:51:34.286 [boundedElastic-7] [traceId:] [clientIp:] DEBUG o.s.c.gateway.route.RouteDefinitionRouteLocator - RouteDefinition bgai-service-public applying {_genkey_0=/api/bgai/**, _genkey_1=/api/public/**} to Path
2025-08-09 20:51:34.287 [boundedElastic-7] [traceId:] [clientIp:] DEBUG o.s.c.gateway.route.RouteDefinitionRouteLocator - RouteDefinition bgai-service-public applying filter {_genkey_0=1} to StripPrefix
2025-08-09 20:51:34.287 [boundedElastic-7] [traceId:] [clientIp:] DEBUG o.s.c.gateway.route.RouteDefinitionRouteLocator - RouteDefinition bgai-service-public applying filter {_genkey_0=X-Gateway-Source, _genkey_1=gateway-service} to AddRequestHeader
2025-08-09 20:51:34.287 [boundedElastic-7] [traceId:] [clientIp:] DEBUG o.s.c.gateway.route.RouteDefinitionRouteLocator - RouteDefinition bgai-service-public applying filter {_genkey_0=X-Gateway-Response, _genkey_1=true} to AddResponseHeader
2025-08-09 20:51:34.288 [boundedElastic-7] [traceId:] [clientIp:] DEBUG o.s.c.gateway.route.RouteDefinitionRouteLocator - RouteDefinition matched: bgai-service-public
2025-08-09 20:51:34.288 [boundedElastic-7] [traceId:] [clientIp:] DEBUG o.s.c.gateway.route.RouteDefinitionRouteLocator - RouteDefinition default-route applying {_genkey_0=/**} to Path
2025-08-09 20:51:34.288 [boundedElastic-7] [traceId:] [clientIp:] DEBUG o.s.c.gateway.route.RouteDefinitionRouteLocator - RouteDefinition default-route applying filter {_genkey_0=X-Gateway-Source, _genkey_1=gateway-service} to AddRequestHeader
2025-08-09 20:51:34.289 [boundedElastic-7] [traceId:] [clientIp:] DEBUG o.s.c.gateway.route.RouteDefinitionRouteLocator - RouteDefinition default-route applying filter {_genkey_0=X-Gateway-Response, _genkey_1=true} to AddResponseHeader
2025-08-09 20:51:34.289 [boundedElastic-7] [traceId:] [clientIp:] DEBUG o.s.c.gateway.route.RouteDefinitionRouteLocator - RouteDefinition matched: default-route
2025-08-09 20:52:04.294 [boundedElastic-4] [traceId:] [clientIp:] DEBUG o.s.c.gateway.route.RouteDefinitionRouteLocator - RouteDefinition ReactiveCompositeDiscoveryClient_bgai-service applying {pattern=/bgai-service/**} to Path
2025-08-09 20:52:04.295 [boundedElastic-3] [traceId:] [clientIp:] DEBUG o.s.cloud.gateway.filter.GatewayMetricsFilter - New routes count: 7
2025-08-09 20:52:04.295 [boundedElastic-4] [traceId:] [clientIp:] DEBUG o.s.c.gateway.route.RouteDefinitionRouteLocator - RouteDefinition ReactiveCompositeDiscoveryClient_bgai-service applying filter {regexp=/bgai-service/?(?<remaining>.*), replacement=/${remaining}} to RewritePath
2025-08-09 20:52:04.295 [boundedElastic-4] [traceId:] [clientIp:] DEBUG o.s.c.gateway.route.RouteDefinitionRouteLocator - RouteDefinition matched: ReactiveCompositeDiscoveryClient_bgai-service
2025-08-09 20:52:04.296 [boundedElastic-4] [traceId:] [clientIp:] DEBUG o.s.c.gateway.route.RouteDefinitionRouteLocator - RouteDefinition ReactiveCompositeDiscoveryClient_gateway-service applying {pattern=/gateway-service/**} to Path
2025-08-09 20:52:04.296 [boundedElastic-4] [traceId:] [clientIp:] DEBUG o.s.c.gateway.route.RouteDefinitionRouteLocator - RouteDefinition ReactiveCompositeDiscoveryClient_gateway-service applying filter {regexp=/gateway-service/?(?<remaining>.*), replacement=/${remaining}} to RewritePath
2025-08-09 20:52:04.296 [boundedElastic-4] [traceId:] [clientIp:] DEBUG o.s.c.gateway.route.RouteDefinitionRouteLocator - RouteDefinition matched: ReactiveCompositeDiscoveryClient_gateway-service
2025-08-09 20:52:04.296 [boundedElastic-4] [traceId:] [clientIp:] DEBUG o.s.c.gateway.route.RouteDefinitionRouteLocator - RouteDefinition ReactiveCompositeDiscoveryClient_signature-service applying {pattern=/signature-service/**} to Path
2025-08-09 20:52:04.297 [boundedElastic-4] [traceId:] [clientIp:] DEBUG o.s.c.gateway.route.RouteDefinitionRouteLocator - RouteDefinition ReactiveCompositeDiscoveryClient_signature-service applying filter {regexp=/signature-service/?(?<remaining>.*), replacement=/${remaining}} to RewritePath
2025-08-09 20:52:04.297 [boundedElastic-4] [traceId:] [clientIp:] DEBUG o.s.c.gateway.route.RouteDefinitionRouteLocator - RouteDefinition matched: ReactiveCompositeDiscoveryClient_signature-service
2025-08-09 20:52:04.297 [boundedElastic-4] [traceId:] [clientIp:] DEBUG o.s.c.gateway.route.RouteDefinitionRouteLocator - RouteDefinition signature-service applying {_genkey_0=/api/signature/**, _genkey_1=/api/keys/**, _genkey_2=/api/auth/**, _genkey_3=/api/sso/**, _genkey_4=/api/validation/**, _genkey_5=/api/token/**, _genkey_6=/api/app-secret/**} to Path
2025-08-09 20:52:04.297 [boundedElastic-4] [traceId:] [clientIp:] DEBUG o.s.c.gateway.route.RouteDefinitionRouteLocator - RouteDefinition signature-service applying filter {_genkey_0=X-Gateway-Source, _genkey_1=gateway-service} to AddRequestHeader
2025-08-09 20:52:04.298 [boundedElastic-4] [traceId:] [clientIp:] DEBUG o.s.c.gateway.route.RouteDefinitionRouteLocator - RouteDefinition signature-service applying filter {_genkey_0=X-Gateway-Response, _genkey_1=true} to AddResponseHeader
2025-08-09 20:52:04.298 [boundedElastic-4] [traceId:] [clientIp:] DEBUG o.s.c.gateway.route.RouteDefinitionRouteLocator - RouteDefinition matched: signature-service
2025-08-09 20:52:04.298 [boundedElastic-4] [traceId:] [clientIp:] DEBUG o.s.c.gateway.route.RouteDefinitionRouteLocator - RouteDefinition bgai-service-validated applying {_genkey_0=/api/chatGatWay-internal/**, _genkey_1=/api/admin/**} to Path
2025-08-09 20:52:04.299 [boundedElastic-4] [traceId:] [clientIp:] DEBUG o.s.c.gateway.route.RouteDefinitionRouteLocator - RouteDefinition bgai-service-validated applying filter {} to ValidationFilter
2025-08-09 20:52:04.299 [boundedElastic-4] [traceId:] [clientIp:] DEBUG o.s.c.gateway.route.RouteDefinitionRouteLocator - RouteDefinition bgai-service-validated applying filter {_genkey_0=X-Gateway-Source, _genkey_1=gateway-service} to AddRequestHeader
2025-08-09 20:52:04.299 [boundedElastic-4] [traceId:] [clientIp:] DEBUG o.s.c.gateway.route.RouteDefinitionRouteLocator - RouteDefinition bgai-service-validated applying filter {_genkey_0=X-Gateway-Response, _genkey_1=true} to AddResponseHeader
2025-08-09 20:52:04.300 [boundedElastic-4] [traceId:] [clientIp:] DEBUG o.s.c.gateway.route.RouteDefinitionRouteLocator - RouteDefinition bgai-service-validated applying filter {_genkey_0=X-Requires-Validation, _genkey_1=true} to AddRequestHeader
2025-08-09 20:52:04.300 [boundedElastic-4] [traceId:] [clientIp:] DEBUG o.s.c.gateway.route.RouteDefinitionRouteLocator - RouteDefinition matched: bgai-service-validated
2025-08-09 20:52:04.300 [boundedElastic-4] [traceId:] [clientIp:] DEBUG o.s.c.gateway.route.RouteDefinitionRouteLocator - RouteDefinition bgai-service-public applying {_genkey_0=/api/bgai/**, _genkey_1=/api/public/**} to Path
2025-08-09 20:52:04.300 [boundedElastic-4] [traceId:] [clientIp:] DEBUG o.s.c.gateway.route.RouteDefinitionRouteLocator - RouteDefinition bgai-service-public applying filter {_genkey_0=1} to StripPrefix
2025-08-09 20:52:04.301 [boundedElastic-4] [traceId:] [clientIp:] DEBUG o.s.c.gateway.route.RouteDefinitionRouteLocator - RouteDefinition bgai-service-public applying filter {_genkey_0=X-Gateway-Source, _genkey_1=gateway-service} to AddRequestHeader
2025-08-09 20:52:04.301 [boundedElastic-4] [traceId:] [clientIp:] DEBUG o.s.c.gateway.route.RouteDefinitionRouteLocator - RouteDefinition bgai-service-public applying filter {_genkey_0=X-Gateway-Response, _genkey_1=true} to AddResponseHeader
2025-08-09 20:52:04.301 [boundedElastic-4] [traceId:] [clientIp:] DEBUG o.s.c.gateway.route.RouteDefinitionRouteLocator - RouteDefinition matched: bgai-service-public
2025-08-09 20:52:04.302 [boundedElastic-4] [traceId:] [clientIp:] DEBUG o.s.c.gateway.route.RouteDefinitionRouteLocator - RouteDefinition default-route applying {_genkey_0=/**} to Path
2025-08-09 20:52:04.302 [boundedElastic-4] [traceId:] [clientIp:] DEBUG o.s.c.gateway.route.RouteDefinitionRouteLocator - RouteDefinition default-route applying filter {_genkey_0=X-Gateway-Source, _genkey_1=gateway-service} to AddRequestHeader
2025-08-09 20:52:04.302 [boundedElastic-4] [traceId:] [clientIp:] DEBUG o.s.c.gateway.route.RouteDefinitionRouteLocator - RouteDefinition default-route applying filter {_genkey_0=X-Gateway-Response, _genkey_1=true} to AddResponseHeader
2025-08-09 20:52:04.303 [boundedElastic-4] [traceId:] [clientIp:] DEBUG o.s.c.gateway.route.RouteDefinitionRouteLocator - RouteDefinition matched: default-route
2025-08-09 20:52:05.922 [reactor-http-nio-2] [traceId:] [clientIp:] DEBUG o.s.c.g.f.h.o.ObservedResponseHttpHeadersFilter - Will instrument the response
2025-08-09 20:52:05.923 [reactor-http-nio-2] [traceId:] [clientIp:] DEBUG o.s.c.g.f.h.o.ObservedResponseHttpHeadersFilter - The response was handled for observation {name=http.client.requests(null), error=null, context=name='http.client.requests', contextualName='null', error='null', lowCardinalityKeyValues=[http.method='POST', http.status_code='UNKNOWN', spring.cloud.gateway.route.id='bgai-service-validated', spring.cloud.gateway.route.uri='http://localhost:8688'], highCardinalityKeyValues=[http.uri='http://localhost:8080/api/chatGatWay-internal?appId=test-app-123&timestamp=1754396051747&nonce=ecf0c03a21f74c97bc914f5d3b5b91b8&sign=197aa6f1b59de1fd4d85528c64ba304ade291207853a9052c0671130837a5752'], map=[class io.micrometer.core.instrument.LongTaskTimer$Sample='SampleImpl{duration(seconds)=40.9349107, duration(nanos)=4.09349107E10, startTimeNanos=91442001292500}', class io.micrometer.core.instrument.Timer$Sample='io.micrometer.core.instrument.Timer$Sample@68c076f3'], parentObservation={name=http.server.requests(null), error=null, context=name='http.server.requests', contextualName='null', error='null', lowCardinalityKeyValues=[exception='none', method='POST', outcome='SUCCESS', status='200', uri='UNKNOWN'], highCardinalityKeyValues=[http.url='/api/chatGatWay-internal'], map=[class io.micrometer.core.instrument.LongTaskTimer$Sample='SampleImpl{duration(seconds)=41.710829, duration(nanos)=4.1710829E10, startTimeNanos=91441225461900}', class io.micrometer.core.instrument.Timer$Sample='io.micrometer.core.instrument.Timer$Sample@3c8056b5'], parentObservation=null}}
2025-08-09 20:52:34.294 [boundedElastic-8] [traceId:] [clientIp:] DEBUG o.s.c.gateway.route.RouteDefinitionRouteLocator - RouteDefinition ReactiveCompositeDiscoveryClient_bgai-service applying {pattern=/bgai-service/**} to Path
2025-08-09 20:52:34.295 [boundedElastic-5] [traceId:] [clientIp:] DEBUG o.s.cloud.gateway.filter.GatewayMetricsFilter - New routes count: 7
2025-08-09 20:52:34.295 [boundedElastic-8] [traceId:] [clientIp:] DEBUG o.s.c.gateway.route.RouteDefinitionRouteLocator - RouteDefinition ReactiveCompositeDiscoveryClient_bgai-service applying filter {regexp=/bgai-service/?(?<remaining>.*), replacement=/${remaining}} to RewritePath
2025-08-09 20:52:34.295 [boundedElastic-8] [traceId:] [clientIp:] DEBUG o.s.c.gateway.route.RouteDefinitionRouteLocator - RouteDefinition matched: ReactiveCompositeDiscoveryClient_bgai-service
2025-08-09 20:52:34.296 [boundedElastic-8] [traceId:] [clientIp:] DEBUG o.s.c.gateway.route.RouteDefinitionRouteLocator - RouteDefinition ReactiveCompositeDiscoveryClient_gateway-service applying {pattern=/gateway-service/**} to Path
2025-08-09 20:52:34.296 [boundedElastic-8] [traceId:] [clientIp:] DEBUG o.s.c.gateway.route.RouteDefinitionRouteLocator - RouteDefinition ReactiveCompositeDiscoveryClient_gateway-service applying filter {regexp=/gateway-service/?(?<remaining>.*), replacement=/${remaining}} to RewritePath
2025-08-09 20:52:34.296 [boundedElastic-8] [traceId:] [clientIp:] DEBUG o.s.c.gateway.route.RouteDefinitionRouteLocator - RouteDefinition matched: ReactiveCompositeDiscoveryClient_gateway-service
2025-08-09 20:52:34.296 [boundedElastic-8] [traceId:] [clientIp:] DEBUG o.s.c.gateway.route.RouteDefinitionRouteLocator - RouteDefinition ReactiveCompositeDiscoveryClient_signature-service applying {pattern=/signature-service/**} to Path
2025-08-09 20:52:34.297 [boundedElastic-8] [traceId:] [clientIp:] DEBUG o.s.c.gateway.route.RouteDefinitionRouteLocator - RouteDefinition ReactiveCompositeDiscoveryClient_signature-service applying filter {regexp=/signature-service/?(?<remaining>.*), replacement=/${remaining}} to RewritePath
2025-08-09 20:52:34.297 [boundedElastic-8] [traceId:] [clientIp:] DEBUG o.s.c.gateway.route.RouteDefinitionRouteLocator - RouteDefinition matched: ReactiveCompositeDiscoveryClient_signature-service
2025-08-09 20:52:34.297 [boundedElastic-8] [traceId:] [clientIp:] DEBUG o.s.c.gateway.route.RouteDefinitionRouteLocator - RouteDefinition signature-service applying {_genkey_0=/api/signature/**, _genkey_1=/api/keys/**, _genkey_2=/api/auth/**, _genkey_3=/api/sso/**, _genkey_4=/api/validation/**, _genkey_5=/api/token/**, _genkey_6=/api/app-secret/**} to Path
2025-08-09 20:52:34.298 [boundedElastic-8] [traceId:] [clientIp:] DEBUG o.s.c.gateway.route.RouteDefinitionRouteLocator - RouteDefinition signature-service applying filter {_genkey_0=X-Gateway-Source, _genkey_1=gateway-service} to AddRequestHeader
2025-08-09 20:52:34.298 [boundedElastic-8] [traceId:] [clientIp:] DEBUG o.s.c.gateway.route.RouteDefinitionRouteLocator - RouteDefinition signature-service applying filter {_genkey_0=X-Gateway-Response, _genkey_1=true} to AddResponseHeader
2025-08-09 20:52:34.298 [boundedElastic-8] [traceId:] [clientIp:] DEBUG o.s.c.gateway.route.RouteDefinitionRouteLocator - RouteDefinition matched: signature-service
2025-08-09 20:52:34.298 [boundedElastic-8] [traceId:] [clientIp:] DEBUG o.s.c.gateway.route.RouteDefinitionRouteLocator - RouteDefinition bgai-service-validated applying {_genkey_0=/api/chatGatWay-internal/**, _genkey_1=/api/admin/**} to Path
2025-08-09 20:52:34.299 [boundedElastic-8] [traceId:] [clientIp:] DEBUG o.s.c.gateway.route.RouteDefinitionRouteLocator - RouteDefinition bgai-service-validated applying filter {} to ValidationFilter
2025-08-09 20:52:34.299 [boundedElastic-8] [traceId:] [clientIp:] DEBUG o.s.c.gateway.route.RouteDefinitionRouteLocator - RouteDefinition bgai-service-validated applying filter {_genkey_0=X-Gateway-Source, _genkey_1=gateway-service} to AddRequestHeader
2025-08-09 20:52:34.300 [boundedElastic-8] [traceId:] [clientIp:] DEBUG o.s.c.gateway.route.RouteDefinitionRouteLocator - RouteDefinition bgai-service-validated applying filter {_genkey_0=X-Gateway-Response, _genkey_1=true} to AddResponseHeader
2025-08-09 20:52:34.300 [boundedElastic-8] [traceId:] [clientIp:] DEBUG o.s.c.gateway.route.RouteDefinitionRouteLocator - RouteDefinition bgai-service-validated applying filter {_genkey_0=X-Requires-Validation, _genkey_1=true} to AddRequestHeader
2025-08-09 20:52:34.301 [boundedElastic-8] [traceId:] [clientIp:] DEBUG o.s.c.gateway.route.RouteDefinitionRouteLocator - RouteDefinition matched: bgai-service-validated
2025-08-09 20:52:34.301 [boundedElastic-8] [traceId:] [clientIp:] DEBUG o.s.c.gateway.route.RouteDefinitionRouteLocator - RouteDefinition bgai-service-public applying {_genkey_0=/api/bgai/**, _genkey_1=/api/public/**} to Path
2025-08-09 20:52:34.301 [boundedElastic-8] [traceId:] [clientIp:] DEBUG o.s.c.gateway.route.RouteDefinitionRouteLocator - RouteDefinition bgai-service-public applying filter {_genkey_0=1} to StripPrefix
2025-08-09 20:52:34.302 [boundedElastic-8] [traceId:] [clientIp:] DEBUG o.s.c.gateway.route.RouteDefinitionRouteLocator - RouteDefinition bgai-service-public applying filter {_genkey_0=X-Gateway-Source, _genkey_1=gateway-service} to AddRequestHeader
2025-08-09 20:52:34.303 [boundedElastic-8] [traceId:] [clientIp:] DEBUG o.s.c.gateway.route.RouteDefinitionRouteLocator - RouteDefinition bgai-service-public applying filter {_genkey_0=X-Gateway-Response, _genkey_1=true} to AddResponseHeader
2025-08-09 20:52:34.303 [boundedElastic-8] [traceId:] [clientIp:] DEBUG o.s.c.gateway.route.RouteDefinitionRouteLocator - RouteDefinition matched: bgai-service-public
2025-08-09 20:52:34.303 [boundedElastic-8] [traceId:] [clientIp:] DEBUG o.s.c.gateway.route.RouteDefinitionRouteLocator - RouteDefinition default-route applying {_genkey_0=/**} to Path
2025-08-09 20:52:34.304 [boundedElastic-8] [traceId:] [clientIp:] DEBUG o.s.c.gateway.route.RouteDefinitionRouteLocator - RouteDefinition default-route applying filter {_genkey_0=X-Gateway-Source, _genkey_1=gateway-service} to AddRequestHeader
2025-08-09 20:52:34.304 [boundedElastic-8] [traceId:] [clientIp:] DEBUG o.s.c.gateway.route.RouteDefinitionRouteLocator - RouteDefinition default-route applying filter {_genkey_0=X-Gateway-Response, _genkey_1=true} to AddResponseHeader
2025-08-09 20:52:34.304 [boundedElastic-8] [traceId:] [clientIp:] DEBUG o.s.c.gateway.route.RouteDefinitionRouteLocator - RouteDefinition matched: default-route
